2024-12-27 17:02:24 - root - INFO: - Dataset:20newsgroups
2024-12-27 17:02:24 - root - INFO: - view = 3
2024-12-27 17:02:24 - root - INFO: - seed = 2
2024-12-27 17:02:24 - root - INFO: - type = CG
2024-12-27 17:02:24 - root - INFO: - training={
2024-12-27 17:02:24 - root - INFO: -           lr = 0.0001
2024-12-27 17:02:24 - root - INFO: -           batch_size = 64
2024-12-27 17:02:24 - root - INFO: -           epoch = 500
2024-12-27 17:02:24 - root - INFO: -           start_dual_prediction = 0
2024-12-27 17:02:24 - root - INFO: -           lambda2 = 0.1
2024-12-27 17:02:24 - root - INFO: -           lambda1 = 0.1
2024-12-27 17:02:24 - root - INFO: -           lambda3 = 1.0
2024-12-27 17:02:24 - root - INFO: -           lambda4 = 1.0
2024-12-27 17:02:24 - root - INFO: -           alpha = 10
2024-12-27 17:02:24 - root - INFO: - Autoencoder={
2024-12-27 17:02:24 - root - INFO: -           arch1 = [2000, 1024, 1024, 1024, 32]
2024-12-27 17:02:24 - root - INFO: -           arch2 = [2000, 1024, 1024, 1024, 32]
2024-12-27 17:02:24 - root - INFO: -           arch3 = [2000, 1024, 1024, 1024, 32]
2024-12-27 17:02:24 - root - INFO: -           activations = relu
2024-12-27 17:02:24 - root - INFO: -           batchnorm = True
2024-12-27 17:02:24 - root - INFO: - missing_rate = 0.0
2024-12-27 17:02:24 - root - INFO: - print_num = 50
2024-12-27 17:02:24 - root - INFO: - dataset = 20newsgroups
2024-12-27 17:02:24 - root - INFO: - Autoencoder(
  (_encoder): Sequential(
    (0): Linear(in_features=2000, out_features=1024, bias=True)
    (1): BatchNorm1d(1024, eps=1e-05, momentum=0.1, affine=True, track_running_stats=True)
    (2): ReLU()
    (3): Linear(in_features=1024, out_features=1024, bias=True)
    (4): BatchNorm1d(1024, eps=1e-05, momentum=0.1, affine=True, track_running_stats=True)
    (5): ReLU()
    (6): Linear(in_features=1024, out_features=1024, bias=True)
    (7): BatchNorm1d(1024, eps=1e-05, momentum=0.1, affine=True, track_running_stats=True)
    (8): ReLU()
    (9): Linear(in_features=1024, out_features=32, bias=True)
    (10): Softmax(dim=1)
  )
  (_decoder): Sequential(
    (0): Linear(in_features=32, out_features=1024, bias=True)
    (1): LayerNorm((1024,), eps=1e-05, elementwise_affine=True)
    (2): ReLU()
    (3): Linear(in_features=1024, out_features=1024, bias=True)
    (4): LayerNorm((1024,), eps=1e-05, elementwise_affine=True)
    (5): ReLU()
    (6): Linear(in_features=1024, out_features=1024, bias=True)
    (7): LayerNorm((1024,), eps=1e-05, elementwise_affine=True)
    (8): ReLU()
    (9): Linear(in_features=1024, out_features=2000, bias=True)
    (10): LayerNorm((2000,), eps=1e-05, elementwise_affine=True)
    (11): ReLU()
  )
)
2024-12-27 17:02:24 - root - INFO: - Generator(
  (model): Sequential(
    (0): Linear(in_features=32, out_features=256, bias=True)
    (1): ReLU()
    (2): Linear(in_features=256, out_features=32, bias=True)
  )
)
2024-12-27 17:02:24 - root - INFO: - Adam (
Parameter Group 0
    amsgrad: False
    betas: (0.9, 0.999)
    capturable: False
    differentiable: False
    eps: 1e-08
    foreach: None
    fused: None
    lr: 0.0001
    maximize: False
    weight_decay: 0
)
2024-12-27 17:02:40 - root - INFO: - [2;29mEpoch : 50/500 ===> Reconstruction loss = 0.7048===> Reconstruction loss = 0.4948 ===> Loss_icl = -1.4969e+02 ===> Los_ccl = 3.8300e+02 ===> Generator loss = -1.8871e+01 ===> Discriminator loss = 1.5975e+00 ===> All loss = 2.1618e+02[0m
2024-12-27 17:02:40 - root - INFO: - [2;29m Accuracy on the test set is 0.9200
2024-12-27 17:02:40 - root - INFO: - [2;29m Precision on the test set is 0.9200
2024-12-27 17:02:40 - root - INFO: - [2;29m F_score on the test set is 0.9200
2024-12-27 17:02:56 - root - INFO: - [2;29mEpoch : 100/500 ===> Reconstruction loss = 0.9753===> Reconstruction loss = 0.4276 ===> Loss_icl = -1.4970e+02 ===> Los_ccl = 3.8400e+02 ===> Generator loss = -1.8878e+01 ===> Discriminator loss = 1.6466e+00 ===> All loss = 2.1723e+02[0m
2024-12-27 17:02:56 - root - INFO: - [2;29m Accuracy on the test set is 0.9300
2024-12-27 17:02:56 - root - INFO: - [2;29m Precision on the test set is 0.9300
2024-12-27 17:02:56 - root - INFO: - [2;29m F_score on the test set is 0.9300
2024-12-27 17:03:13 - root - INFO: - [2;29mEpoch : 150/500 ===> Reconstruction loss = 0.8920===> Reconstruction loss = 0.3810 ===> Loss_icl = -1.4971e+02 ===> Los_ccl = 3.8400e+02 ===> Generator loss = -1.8882e+01 ===> Discriminator loss = 1.6465e+00 ===> All loss = 2.1720e+02[0m
2024-12-27 17:03:13 - root - INFO: - [2;29m Accuracy on the test set is 0.9300
2024-12-27 17:03:13 - root - INFO: - [2;29m Precision on the test set is 0.9400
2024-12-27 17:03:13 - root - INFO: - [2;29m F_score on the test set is 0.9300
2024-12-27 17:03:30 - root - INFO: - [2;29mEpoch : 200/500 ===> Reconstruction loss = 0.8384===> Reconstruction loss = 0.3132 ===> Loss_icl = -1.4971e+02 ===> Los_ccl = 3.8400e+02 ===> Generator loss = -1.8882e+01 ===> Discriminator loss = 1.6453e+00 ===> All loss = 2.1718e+02[0m
2024-12-27 17:03:30 - root - INFO: - [2;29m Accuracy on the test set is 0.9400
2024-12-27 17:03:30 - root - INFO: - [2;29m Precision on the test set is 0.9400
2024-12-27 17:03:30 - root - INFO: - [2;29m F_score on the test set is 0.9300
2024-12-27 17:03:47 - root - INFO: - [2;29mEpoch : 250/500 ===> Reconstruction loss = 0.7850===> Reconstruction loss = 0.2123 ===> Loss_icl = -1.4972e+02 ===> Los_ccl = 3.8300e+02 ===> Generator loss = -1.8881e+01 ===> Discriminator loss = 1.6443e+00 ===> All loss = 2.1615e+02[0m
2024-12-27 17:03:47 - root - INFO: - [2;29m Accuracy on the test set is 0.9500
2024-12-27 17:03:47 - root - INFO: - [2;29m Precision on the test set is 0.9500
2024-12-27 17:03:47 - root - INFO: - [2;29m F_score on the test set is 0.9400
2024-12-27 17:04:05 - root - INFO: - [2;29mEpoch : 300/500 ===> Reconstruction loss = 0.7535===> Reconstruction loss = 0.3778 ===> Loss_icl = -1.4976e+02 ===> Los_ccl = 3.8400e+02 ===> Generator loss = -1.8878e+01 ===> Discriminator loss = 1.6490e+00 ===> All loss = 2.1713e+02[0m
2024-12-27 17:04:05 - root - INFO: - [2;29m Accuracy on the test set is 0.9400
2024-12-27 17:04:05 - root - INFO: - [2;29m Precision on the test set is 0.9400
2024-12-27 17:04:05 - root - INFO: - [2;29m F_score on the test set is 0.9400
2024-12-27 17:04:22 - root - INFO: - [2;29mEpoch : 350/500 ===> Reconstruction loss = 0.8329===> Reconstruction loss = 0.4092 ===> Loss_icl = -1.5065e+02 ===> Los_ccl = 3.8201e+02 ===> Generator loss = -1.8870e+01 ===> Discriminator loss = 1.6814e+00 ===> All loss = 2.1430e+02[0m
2024-12-27 17:04:22 - root - INFO: - [2;29m Accuracy on the test set is 0.9600
2024-12-27 17:04:22 - root - INFO: - [2;29m Precision on the test set is 0.9600
2024-12-27 17:04:22 - root - INFO: - [2;29m F_score on the test set is 0.9500
2024-12-27 17:04:38 - root - INFO: - [2;29mEpoch : 400/500 ===> Reconstruction loss = 0.8964===> Reconstruction loss = 0.3949 ===> Loss_icl = -1.5243e+02 ===> Los_ccl = 3.8400e+02 ===> Generator loss = -1.8877e+01 ===> Discriminator loss = 1.7150e+00 ===> All loss = 2.1455e+02[0m
2024-12-27 17:04:38 - root - INFO: - [2;29m Accuracy on the test set is 0.9800
2024-12-27 17:04:38 - root - INFO: - [2;29m Precision on the test set is 0.9800
2024-12-27 17:04:38 - root - INFO: - [2;29m F_score on the test set is 0.9800
2024-12-27 17:04:54 - root - INFO: - [2;29mEpoch : 450/500 ===> Reconstruction loss = 0.8449===> Reconstruction loss = 0.2490 ===> Loss_icl = -1.5238e+02 ===> Los_ccl = 3.8400e+02 ===> Generator loss = -1.8900e+01 ===> Discriminator loss = 1.7301e+00 ===> All loss = 2.1458e+02[0m
2024-12-27 17:04:54 - root - INFO: - [2;29m Accuracy on the test set is 0.9800
2024-12-27 17:04:54 - root - INFO: - [2;29m Precision on the test set is 0.9800
2024-12-27 17:04:54 - root - INFO: - [2;29m F_score on the test set is 0.9800
2024-12-27 17:05:10 - root - INFO: - [2;29mEpoch : 500/500 ===> Reconstruction loss = 0.8206===> Reconstruction loss = 0.3604 ===> Loss_icl = -1.5285e+02 ===> Los_ccl = 3.8400e+02 ===> Generator loss = -1.8913e+01 ===> Discriminator loss = 1.7585e+00 ===> All loss = 2.1412e+02[0m
2024-12-27 17:05:10 - root - INFO: - [2;29m Accuracy on the test set is 0.9700
2024-12-27 17:05:10 - root - INFO: - [2;29m Precision on the test set is 0.9700
2024-12-27 17:05:10 - root - INFO: - [2;29m F_score on the test set is 0.9700
2024-12-27 17:05:10 - root - INFO: - Autoencoder(
  (_encoder): Sequential(
    (0): Linear(in_features=2000, out_features=1024, bias=True)
    (1): BatchNorm1d(1024, eps=1e-05, momentum=0.1, affine=True, track_running_stats=True)
    (2): ReLU()
    (3): Linear(in_features=1024, out_features=1024, bias=True)
    (4): BatchNorm1d(1024, eps=1e-05, momentum=0.1, affine=True, track_running_stats=True)
    (5): ReLU()
    (6): Linear(in_features=1024, out_features=1024, bias=True)
    (7): BatchNorm1d(1024, eps=1e-05, momentum=0.1, affine=True, track_running_stats=True)
    (8): ReLU()
    (9): Linear(in_features=1024, out_features=32, bias=True)
    (10): Softmax(dim=1)
  )
  (_decoder): Sequential(
    (0): Linear(in_features=32, out_features=1024, bias=True)
    (1): LayerNorm((1024,), eps=1e-05, elementwise_affine=True)
    (2): ReLU()
    (3): Linear(in_features=1024, out_features=1024, bias=True)
    (4): LayerNorm((1024,), eps=1e-05, elementwise_affine=True)
    (5): ReLU()
    (6): Linear(in_features=1024, out_features=1024, bias=True)
    (7): LayerNorm((1024,), eps=1e-05, elementwise_affine=True)
    (8): ReLU()
    (9): Linear(in_features=1024, out_features=2000, bias=True)
    (10): LayerNorm((2000,), eps=1e-05, elementwise_affine=True)
    (11): ReLU()
  )
)
2024-12-27 17:05:10 - root - INFO: - Generator(
  (model): Sequential(
    (0): Linear(in_features=32, out_features=256, bias=True)
    (1): ReLU()
    (2): Linear(in_features=256, out_features=32, bias=True)
  )
)
2024-12-27 17:05:10 - root - INFO: - Adam (
Parameter Group 0
    amsgrad: False
    betas: (0.9, 0.999)
    capturable: False
    differentiable: False
    eps: 1e-08
    foreach: None
    fused: None
    lr: 0.0001
    maximize: False
    weight_decay: 0
)
2024-12-27 17:05:25 - root - INFO: - [2;29mEpoch : 50/500 ===> Reconstruction loss = 1.1119===> Reconstruction loss = 0.4986 ===> Loss_icl = -1.4969e+02 ===> Los_ccl = 3.7500e+02 ===> Generator loss = -1.8419e+01 ===> Discriminator loss = 1.4297e+00 ===> All loss = 2.0852e+02[0m
2024-12-27 17:05:25 - root - INFO: - [2;29m Accuracy on the test set is 0.8400
2024-12-27 17:05:25 - root - INFO: - [2;29m Precision on the test set is 0.8700
2024-12-27 17:05:25 - root - INFO: - [2;29m F_score on the test set is 0.8400
2024-12-27 17:05:40 - root - INFO: - [2;29mEpoch : 100/500 ===> Reconstruction loss = 1.0099===> Reconstruction loss = 1.1670 ===> Loss_icl = -1.4971e+02 ===> Los_ccl = 3.8100e+02 ===> Generator loss = -1.8419e+01 ===> Discriminator loss = 1.4691e+00 ===> All loss = 2.1458e+02[0m
2024-12-27 17:05:40 - root - INFO: - [2;29m Accuracy on the test set is 0.8100
2024-12-27 17:05:40 - root - INFO: - [2;29m Precision on the test set is 0.8400
2024-12-27 17:05:40 - root - INFO: - [2;29m F_score on the test set is 0.8100
2024-12-27 17:05:55 - root - INFO: - [2;29mEpoch : 150/500 ===> Reconstruction loss = 0.8799===> Reconstruction loss = 1.0967 ===> Loss_icl = -1.4972e+02 ===> Los_ccl = 3.8300e+02 ===> Generator loss = -1.8423e+01 ===> Discriminator loss = 1.4699e+00 ===> All loss = 2.1654e+02[0m
2024-12-27 17:05:55 - root - INFO: - [2;29m Accuracy on the test set is 0.9100
2024-12-27 17:05:55 - root - INFO: - [2;29m Precision on the test set is 0.9100
2024-12-27 17:05:55 - root - INFO: - [2;29m F_score on the test set is 0.9100
2024-12-27 17:06:10 - root - INFO: - [2;29mEpoch : 200/500 ===> Reconstruction loss = 0.8349===> Reconstruction loss = 1.0670 ===> Loss_icl = -1.4973e+02 ===> Los_ccl = 3.8300e+02 ===> Generator loss = -1.8424e+01 ===> Discriminator loss = 1.4700e+00 ===> All loss = 2.1652e+02[0m
2024-12-27 17:06:10 - root - INFO: - [2;29m Accuracy on the test set is 0.9100
2024-12-27 17:06:10 - root - INFO: - [2;29m Precision on the test set is 0.9200
2024-12-27 17:06:10 - root - INFO: - [2;29m F_score on the test set is 0.9100
2024-12-27 17:06:25 - root - INFO: - [2;29mEpoch : 250/500 ===> Reconstruction loss = 0.7845===> Reconstruction loss = 1.0429 ===> Loss_icl = -1.4973e+02 ===> Los_ccl = 3.8400e+02 ===> Generator loss = -1.8447e+01 ===> Discriminator loss = 1.5309e+00 ===> All loss = 2.1754e+02[0m
2024-12-27 17:06:25 - root - INFO: - [2;29m Accuracy on the test set is 0.9200
2024-12-27 17:06:25 - root - INFO: - [2;29m Precision on the test set is 0.9300
2024-12-27 17:06:25 - root - INFO: - [2;29m F_score on the test set is 0.9200
2024-12-27 17:06:40 - root - INFO: - [2;29mEpoch : 300/500 ===> Reconstruction loss = 0.9507===> Reconstruction loss = 1.1072 ===> Loss_icl = -1.5041e+02 ===> Los_ccl = 3.8400e+02 ===> Generator loss = -1.8399e+01 ===> Discriminator loss = 1.5422e+00 ===> All loss = 2.1695e+02[0m
2024-12-27 17:06:40 - root - INFO: - [2;29m Accuracy on the test set is 0.9600
2024-12-27 17:06:40 - root - INFO: - [2;29m Precision on the test set is 0.9600
2024-12-27 17:06:40 - root - INFO: - [2;29m F_score on the test set is 0.9600
2024-12-27 17:06:55 - root - INFO: - [2;29mEpoch : 350/500 ===> Reconstruction loss = 0.3529===> Reconstruction loss = 1.1302 ===> Loss_icl = -1.5245e+02 ===> Los_ccl = 3.8400e+02 ===> Generator loss = -1.8432e+01 ===> Discriminator loss = 1.5850e+00 ===> All loss = 2.1486e+02[0m
2024-12-27 17:06:55 - root - INFO: - [2;29m Accuracy on the test set is 0.9800
2024-12-27 17:06:55 - root - INFO: - [2;29m Precision on the test set is 0.9800
2024-12-27 17:06:55 - root - INFO: - [2;29m F_score on the test set is 0.9800
2024-12-27 17:07:10 - root - INFO: - [2;29mEpoch : 400/500 ===> Reconstruction loss = 0.8480===> Reconstruction loss = 1.1402 ===> Loss_icl = -1.5203e+02 ===> Los_ccl = 3.8400e+02 ===> Generator loss = -1.8437e+01 ===> Discriminator loss = 1.5904e+00 ===> All loss = 2.1534e+02[0m
2024-12-27 17:07:10 - root - INFO: - [2;29m Accuracy on the test set is 0.9500
2024-12-27 17:07:10 - root - INFO: - [2;29m Precision on the test set is 0.9500
2024-12-27 17:07:10 - root - INFO: - [2;29m F_score on the test set is 0.9500
2024-12-27 17:07:26 - root - INFO: - [2;29mEpoch : 450/500 ===> Reconstruction loss = 0.7989===> Reconstruction loss = 1.1215 ===> Loss_icl = -1.5276e+02 ===> Los_ccl = 3.8400e+02 ===> Generator loss = -1.8439e+01 ===> Discriminator loss = 1.5927e+00 ===> All loss = 2.1459e+02[0m
2024-12-27 17:07:26 - root - INFO: - [2;29m Accuracy on the test set is 0.9400
2024-12-27 17:07:26 - root - INFO: - [2;29m Precision on the test set is 0.9400
2024-12-27 17:07:26 - root - INFO: - [2;29m F_score on the test set is 0.9400
2024-12-27 17:07:42 - root - INFO: - [2;29mEpoch : 500/500 ===> Reconstruction loss = 0.7862===> Reconstruction loss = 1.1386 ===> Loss_icl = -1.5257e+02 ===> Los_ccl = 3.8400e+02 ===> Generator loss = -1.8438e+01 ===> Discriminator loss = 1.5948e+00 ===> All loss = 2.1479e+02[0m
2024-12-27 17:07:42 - root - INFO: - [2;29m Accuracy on the test set is 0.9400
2024-12-27 17:07:42 - root - INFO: - [2;29m Precision on the test set is 0.9400
2024-12-27 17:07:42 - root - INFO: - [2;29m F_score on the test set is 0.9400
2024-12-27 17:07:42 - root - INFO: - Autoencoder(
  (_encoder): Sequential(
    (0): Linear(in_features=2000, out_features=1024, bias=True)
    (1): BatchNorm1d(1024, eps=1e-05, momentum=0.1, affine=True, track_running_stats=True)
    (2): ReLU()
    (3): Linear(in_features=1024, out_features=1024, bias=True)
    (4): BatchNorm1d(1024, eps=1e-05, momentum=0.1, affine=True, track_running_stats=True)
    (5): ReLU()
    (6): Linear(in_features=1024, out_features=1024, bias=True)
    (7): BatchNorm1d(1024, eps=1e-05, momentum=0.1, affine=True, track_running_stats=True)
    (8): ReLU()
    (9): Linear(in_features=1024, out_features=32, bias=True)
    (10): Softmax(dim=1)
  )
  (_decoder): Sequential(
    (0): Linear(in_features=32, out_features=1024, bias=True)
    (1): LayerNorm((1024,), eps=1e-05, elementwise_affine=True)
    (2): ReLU()
    (3): Linear(in_features=1024, out_features=1024, bias=True)
    (4): LayerNorm((1024,), eps=1e-05, elementwise_affine=True)
    (5): ReLU()
    (6): Linear(in_features=1024, out_features=1024, bias=True)
    (7): LayerNorm((1024,), eps=1e-05, elementwise_affine=True)
    (8): ReLU()
    (9): Linear(in_features=1024, out_features=2000, bias=True)
    (10): LayerNorm((2000,), eps=1e-05, elementwise_affine=True)
    (11): ReLU()
  )
)
2024-12-27 17:07:42 - root - INFO: - Generator(
  (model): Sequential(
    (0): Linear(in_features=32, out_features=256, bias=True)
    (1): ReLU()
    (2): Linear(in_features=256, out_features=32, bias=True)
  )
)
2024-12-27 17:07:42 - root - INFO: - Adam (
Parameter Group 0
    amsgrad: False
    betas: (0.9, 0.999)
    capturable: False
    differentiable: False
    eps: 1e-08
    foreach: None
    fused: None
    lr: 0.0001
    maximize: False
    weight_decay: 0
)
2024-12-27 17:07:57 - root - INFO: - [2;29mEpoch : 50/500 ===> Reconstruction loss = 1.0954===> Reconstruction loss = 1.2212 ===> Loss_icl = -1.4969e+02 ===> Los_ccl = 3.7400e+02 ===> Generator loss = -1.9314e+01 ===> Discriminator loss = 1.6298e+00 ===> All loss = 2.0688e+02[0m
2024-12-27 17:07:57 - root - INFO: - [2;29m Accuracy on the test set is 0.8200
2024-12-27 17:07:57 - root - INFO: - [2;29m Precision on the test set is 0.8500
2024-12-27 17:07:57 - root - INFO: - [2;29m F_score on the test set is 0.8100
2024-12-27 17:08:13 - root - INFO: - [2;29mEpoch : 100/500 ===> Reconstruction loss = 0.9761===> Reconstruction loss = 1.1803 ===> Loss_icl = -1.4970e+02 ===> Los_ccl = 3.8400e+02 ===> Generator loss = -1.9333e+01 ===> Discriminator loss = 1.7100e+00 ===> All loss = 2.1691e+02[0m
2024-12-27 17:08:13 - root - INFO: - [2;29m Accuracy on the test set is 0.8700
2024-12-27 17:08:13 - root - INFO: - [2;29m Precision on the test set is 0.8800
2024-12-27 17:08:13 - root - INFO: - [2;29m F_score on the test set is 0.8700
2024-12-27 17:08:28 - root - INFO: - [2;29mEpoch : 150/500 ===> Reconstruction loss = 0.8813===> Reconstruction loss = 1.0648 ===> Loss_icl = -1.4971e+02 ===> Los_ccl = 3.8200e+02 ===> Generator loss = -1.9336e+01 ===> Discriminator loss = 1.7112e+00 ===> All loss = 2.1487e+02[0m
2024-12-27 17:08:28 - root - INFO: - [2;29m Accuracy on the test set is 0.8700
2024-12-27 17:08:28 - root - INFO: - [2;29m Precision on the test set is 0.8700
2024-12-27 17:08:28 - root - INFO: - [2;29m F_score on the test set is 0.8700
2024-12-27 17:08:45 - root - INFO: - [2;29mEpoch : 200/500 ===> Reconstruction loss = 0.8235===> Reconstruction loss = 1.0639 ===> Loss_icl = -1.4971e+02 ===> Los_ccl = 3.8400e+02 ===> Generator loss = -1.9340e+01 ===> Discriminator loss = 1.7173e+00 ===> All loss = 2.1686e+02[0m
2024-12-27 17:08:45 - root - INFO: - [2;29m Accuracy on the test set is 0.8700
2024-12-27 17:08:45 - root - INFO: - [2;29m Precision on the test set is 0.8800
2024-12-27 17:08:45 - root - INFO: - [2;29m F_score on the test set is 0.8700
2024-12-27 17:09:01 - root - INFO: - [2;29mEpoch : 250/500 ===> Reconstruction loss = 0.7843===> Reconstruction loss = 0.9236 ===> Loss_icl = -1.4971e+02 ===> Los_ccl = 3.8300e+02 ===> Generator loss = -1.9344e+01 ===> Discriminator loss = 1.7252e+00 ===> All loss = 2.1585e+02[0m
2024-12-27 17:09:01 - root - INFO: - [2;29m Accuracy on the test set is 0.8800
2024-12-27 17:09:01 - root - INFO: - [2;29m Precision on the test set is 0.9000
2024-12-27 17:09:01 - root - INFO: - [2;29m F_score on the test set is 0.8700
2024-12-27 17:09:18 - root - INFO: - [2;29mEpoch : 300/500 ===> Reconstruction loss = 0.8725===> Reconstruction loss = 1.1743 ===> Loss_icl = -1.5002e+02 ===> Los_ccl = 3.8206e+02 ===> Generator loss = -1.9316e+01 ===> Discriminator loss = 1.7148e+00 ===> All loss = 2.1465e+02[0m
2024-12-27 17:09:18 - root - INFO: - [2;29m Accuracy on the test set is 0.8800
2024-12-27 17:09:18 - root - INFO: - [2;29m Precision on the test set is 0.9000
2024-12-27 17:09:18 - root - INFO: - [2;29m F_score on the test set is 0.8900
2024-12-27 17:09:34 - root - INFO: - [2;29mEpoch : 350/500 ===> Reconstruction loss = 0.9571===> Reconstruction loss = 1.1357 ===> Loss_icl = -1.5212e+02 ===> Los_ccl = 3.8400e+02 ===> Generator loss = -1.9375e+01 ===> Discriminator loss = 1.7848e+00 ===> All loss = 2.1451e+02[0m
2024-12-27 17:09:34 - root - INFO: - [2;29m Accuracy on the test set is 0.9700
2024-12-27 17:09:34 - root - INFO: - [2;29m Precision on the test set is 0.9700
2024-12-27 17:09:34 - root - INFO: - [2;29m F_score on the test set is 0.9700
2024-12-27 17:09:50 - root - INFO: - [2;29mEpoch : 400/500 ===> Reconstruction loss = 0.8270===> Reconstruction loss = 0.9469 ===> Loss_icl = -1.5254e+02 ===> Los_ccl = 3.8400e+02 ===> Generator loss = -1.9403e+01 ===> Discriminator loss = 1.7957e+00 ===> All loss = 2.1404e+02[0m
2024-12-27 17:09:50 - root - INFO: - [2;29m Accuracy on the test set is 0.9800
2024-12-27 17:09:50 - root - INFO: - [2;29m Precision on the test set is 0.9800
2024-12-27 17:09:50 - root - INFO: - [2;29m F_score on the test set is 0.9800
2024-12-27 17:10:06 - root - INFO: - [2;29mEpoch : 450/500 ===> Reconstruction loss = 0.8053===> Reconstruction loss = 1.0635 ===> Loss_icl = -1.5275e+02 ===> Los_ccl = 3.8400e+02 ===> Generator loss = -1.9394e+01 ===> Discriminator loss = 1.7976e+00 ===> All loss = 2.1385e+02[0m
2024-12-27 17:10:06 - root - INFO: - [2;29m Accuracy on the test set is 0.9500
2024-12-27 17:10:06 - root - INFO: - [2;29m Precision on the test set is 0.9500
2024-12-27 17:10:06 - root - INFO: - [2;29m F_score on the test set is 0.9500
2024-12-27 17:10:23 - root - INFO: - [2;29mEpoch : 500/500 ===> Reconstruction loss = 0.8346===> Reconstruction loss = 1.0439 ===> Loss_icl = -1.5266e+02 ===> Los_ccl = 3.8400e+02 ===> Generator loss = -1.9396e+01 ===> Discriminator loss = 1.7965e+00 ===> All loss = 2.1393e+02[0m
2024-12-27 17:10:23 - root - INFO: - [2;29m Accuracy on the test set is 0.9500
2024-12-27 17:10:23 - root - INFO: - [2;29m Precision on the test set is 0.9500
2024-12-27 17:10:23 - root - INFO: - [2;29m F_score on the test set is 0.9500
2024-12-27 17:10:23 - root - INFO: - Autoencoder(
  (_encoder): Sequential(
    (0): Linear(in_features=2000, out_features=1024, bias=True)
    (1): BatchNorm1d(1024, eps=1e-05, momentum=0.1, affine=True, track_running_stats=True)
    (2): ReLU()
    (3): Linear(in_features=1024, out_features=1024, bias=True)
    (4): BatchNorm1d(1024, eps=1e-05, momentum=0.1, affine=True, track_running_stats=True)
    (5): ReLU()
    (6): Linear(in_features=1024, out_features=1024, bias=True)
    (7): BatchNorm1d(1024, eps=1e-05, momentum=0.1, affine=True, track_running_stats=True)
    (8): ReLU()
    (9): Linear(in_features=1024, out_features=32, bias=True)
    (10): Softmax(dim=1)
  )
  (_decoder): Sequential(
    (0): Linear(in_features=32, out_features=1024, bias=True)
    (1): LayerNorm((1024,), eps=1e-05, elementwise_affine=True)
    (2): ReLU()
    (3): Linear(in_features=1024, out_features=1024, bias=True)
    (4): LayerNorm((1024,), eps=1e-05, elementwise_affine=True)
    (5): ReLU()
    (6): Linear(in_features=1024, out_features=1024, bias=True)
    (7): LayerNorm((1024,), eps=1e-05, elementwise_affine=True)
    (8): ReLU()
    (9): Linear(in_features=1024, out_features=2000, bias=True)
    (10): LayerNorm((2000,), eps=1e-05, elementwise_affine=True)
    (11): ReLU()
  )
)
2024-12-27 17:10:23 - root - INFO: - Generator(
  (model): Sequential(
    (0): Linear(in_features=32, out_features=256, bias=True)
    (1): ReLU()
    (2): Linear(in_features=256, out_features=32, bias=True)
  )
)
2024-12-27 17:10:23 - root - INFO: - Adam (
Parameter Group 0
    amsgrad: False
    betas: (0.9, 0.999)
    capturable: False
    differentiable: False
    eps: 1e-08
    foreach: None
    fused: None
    lr: 0.0001
    maximize: False
    weight_decay: 0
)
2024-12-27 17:10:39 - root - INFO: - [2;29mEpoch : 50/500 ===> Reconstruction loss = 1.1392===> Reconstruction loss = 0.5205 ===> Loss_icl = -1.4969e+02 ===> Los_ccl = 3.8200e+02 ===> Generator loss = -1.9063e+01 ===> Discriminator loss = 1.3277e+00 ===> All loss = 2.1477e+02[0m
2024-12-27 17:10:39 - root - INFO: - [2;29m Accuracy on the test set is 0.9100
2024-12-27 17:10:39 - root - INFO: - [2;29m Precision on the test set is 0.9200
2024-12-27 17:10:39 - root - INFO: - [2;29m F_score on the test set is 0.9100
2024-12-27 17:10:54 - root - INFO: - [2;29mEpoch : 100/500 ===> Reconstruction loss = 0.9774===> Reconstruction loss = 0.4348 ===> Loss_icl = -1.4971e+02 ===> Los_ccl = 3.8200e+02 ===> Generator loss = -1.9065e+01 ===> Discriminator loss = 1.3348e+00 ===> All loss = 2.1472e+02[0m
2024-12-27 17:10:54 - root - INFO: - [2;29m Accuracy on the test set is 0.9200
2024-12-27 17:10:54 - root - INFO: - [2;29m Precision on the test set is 0.9400
2024-12-27 17:10:54 - root - INFO: - [2;29m F_score on the test set is 0.9200
2024-12-27 17:11:11 - root - INFO: - [2;29mEpoch : 150/500 ===> Reconstruction loss = 0.9046===> Reconstruction loss = 0.4046 ===> Loss_icl = -1.4972e+02 ===> Los_ccl = 3.8300e+02 ===> Generator loss = -1.9066e+01 ===> Discriminator loss = 1.3434e+00 ===> All loss = 2.1570e+02[0m
2024-12-27 17:11:11 - root - INFO: - [2;29m Accuracy on the test set is 0.9300
2024-12-27 17:11:11 - root - INFO: - [2;29m Precision on the test set is 0.9400
2024-12-27 17:11:11 - root - INFO: - [2;29m F_score on the test set is 0.9300
2024-12-27 17:11:27 - root - INFO: - [2;29mEpoch : 200/500 ===> Reconstruction loss = 0.7524===> Reconstruction loss = 0.3707 ===> Loss_icl = -1.4973e+02 ===> Los_ccl = 3.8400e+02 ===> Generator loss = -1.9066e+01 ===> Discriminator loss = 1.3422e+00 ===> All loss = 2.1667e+02[0m
2024-12-27 17:11:27 - root - INFO: - [2;29m Accuracy on the test set is 0.9400
2024-12-27 17:11:27 - root - INFO: - [2;29m Precision on the test set is 0.9500
2024-12-27 17:11:27 - root - INFO: - [2;29m F_score on the test set is 0.9300
2024-12-27 17:11:44 - root - INFO: - [2;29mEpoch : 250/500 ===> Reconstruction loss = 0.8734===> Reconstruction loss = 0.4764 ===> Loss_icl = -1.5036e+02 ===> Los_ccl = 3.8300e+02 ===> Generator loss = -1.9047e+01 ===> Discriminator loss = 1.3482e+00 ===> All loss = 2.1509e+02[0m
2024-12-27 17:11:44 - root - INFO: - [2;29m Accuracy on the test set is 0.9400
2024-12-27 17:11:44 - root - INFO: - [2;29m Precision on the test set is 0.9400
2024-12-27 17:11:44 - root - INFO: - [2;29m F_score on the test set is 0.9400
2024-12-27 17:12:00 - root - INFO: - [2;29mEpoch : 300/500 ===> Reconstruction loss = 0.8885===> Reconstruction loss = 0.3763 ===> Loss_icl = -1.5064e+02 ===> Los_ccl = 3.8400e+02 ===> Generator loss = -1.9058e+01 ===> Discriminator loss = 1.3898e+00 ===> All loss = 2.1583e+02[0m
2024-12-27 17:12:00 - root - INFO: - [2;29m Accuracy on the test set is 0.9500
2024-12-27 17:12:00 - root - INFO: - [2;29m Precision on the test set is 0.9500
2024-12-27 17:12:00 - root - INFO: - [2;29m F_score on the test set is 0.9500
2024-12-27 17:12:17 - root - INFO: - [2;29mEpoch : 350/500 ===> Reconstruction loss = 0.9075===> Reconstruction loss = 0.3666 ===> Loss_icl = -1.5163e+02 ===> Los_ccl = 3.8301e+02 ===> Generator loss = -1.9087e+01 ===> Discriminator loss = 1.5426e+00 ===> All loss = 2.1398e+02[0m
2024-12-27 17:12:17 - root - INFO: - [2;29m Accuracy on the test set is 0.9500
2024-12-27 17:12:17 - root - INFO: - [2;29m Precision on the test set is 0.9500
2024-12-27 17:12:17 - root - INFO: - [2;29m F_score on the test set is 0.9500
2024-12-27 17:12:33 - root - INFO: - [2;29mEpoch : 400/500 ===> Reconstruction loss = 0.4546===> Reconstruction loss = 0.5005 ===> Loss_icl = -1.5312e+02 ===> Los_ccl = 3.8400e+02 ===> Generator loss = -1.9143e+01 ===> Discriminator loss = 1.6132e+00 ===> All loss = 2.1346e+02[0m
2024-12-27 17:12:33 - root - INFO: - [2;29m Accuracy on the test set is 0.9400
2024-12-27 17:12:33 - root - INFO: - [2;29m Precision on the test set is 0.9500
2024-12-27 17:12:33 - root - INFO: - [2;29m F_score on the test set is 0.9400
2024-12-27 17:12:50 - root - INFO: - [2;29mEpoch : 450/500 ===> Reconstruction loss = 0.8205===> Reconstruction loss = 0.4959 ===> Loss_icl = -1.5296e+02 ===> Los_ccl = 3.8400e+02 ===> Generator loss = -1.9146e+01 ===> Discriminator loss = 1.6324e+00 ===> All loss = 2.1367e+02[0m
2024-12-27 17:12:50 - root - INFO: - [2;29m Accuracy on the test set is 0.9500
2024-12-27 17:12:50 - root - INFO: - [2;29m Precision on the test set is 0.9600
2024-12-27 17:12:50 - root - INFO: - [2;29m F_score on the test set is 0.9400
2024-12-27 17:13:07 - root - INFO: - [2;29mEpoch : 500/500 ===> Reconstruction loss = 0.7862===> Reconstruction loss = 0.4809 ===> Loss_icl = -1.5275e+02 ===> Los_ccl = 3.8400e+02 ===> Generator loss = -1.9144e+01 ===> Discriminator loss = 1.6363e+00 ===> All loss = 2.1388e+02[0m
2024-12-27 17:13:07 - root - INFO: - [2;29m Accuracy on the test set is 0.9600
2024-12-27 17:13:07 - root - INFO: - [2;29m Precision on the test set is 0.9600
2024-12-27 17:13:07 - root - INFO: - [2;29m F_score on the test set is 0.9500
2024-12-27 17:13:07 - root - INFO: - Autoencoder(
  (_encoder): Sequential(
    (0): Linear(in_features=2000, out_features=1024, bias=True)
    (1): BatchNorm1d(1024, eps=1e-05, momentum=0.1, affine=True, track_running_stats=True)
    (2): ReLU()
    (3): Linear(in_features=1024, out_features=1024, bias=True)
    (4): BatchNorm1d(1024, eps=1e-05, momentum=0.1, affine=True, track_running_stats=True)
    (5): ReLU()
    (6): Linear(in_features=1024, out_features=1024, bias=True)
    (7): BatchNorm1d(1024, eps=1e-05, momentum=0.1, affine=True, track_running_stats=True)
    (8): ReLU()
    (9): Linear(in_features=1024, out_features=32, bias=True)
    (10): Softmax(dim=1)
  )
  (_decoder): Sequential(
    (0): Linear(in_features=32, out_features=1024, bias=True)
    (1): LayerNorm((1024,), eps=1e-05, elementwise_affine=True)
    (2): ReLU()
    (3): Linear(in_features=1024, out_features=1024, bias=True)
    (4): LayerNorm((1024,), eps=1e-05, elementwise_affine=True)
    (5): ReLU()
    (6): Linear(in_features=1024, out_features=1024, bias=True)
    (7): LayerNorm((1024,), eps=1e-05, elementwise_affine=True)
    (8): ReLU()
    (9): Linear(in_features=1024, out_features=2000, bias=True)
    (10): LayerNorm((2000,), eps=1e-05, elementwise_affine=True)
    (11): ReLU()
  )
)
2024-12-27 17:13:07 - root - INFO: - Generator(
  (model): Sequential(
    (0): Linear(in_features=32, out_features=256, bias=True)
    (1): ReLU()
    (2): Linear(in_features=256, out_features=32, bias=True)
  )
)
2024-12-27 17:13:07 - root - INFO: - Adam (
Parameter Group 0
    amsgrad: False
    betas: (0.9, 0.999)
    capturable: False
    differentiable: False
    eps: 1e-08
    foreach: None
    fused: None
    lr: 0.0001
    maximize: False
    weight_decay: 0
)
2024-12-27 17:13:23 - root - INFO: - [2;29mEpoch : 50/500 ===> Reconstruction loss = 1.0992===> Reconstruction loss = 1.3956 ===> Loss_icl = -1.4969e+02 ===> Los_ccl = 3.8100e+02 ===> Generator loss = -1.9148e+01 ===> Discriminator loss = 1.8629e+00 ===> All loss = 2.1431e+02[0m
2024-12-27 17:13:23 - root - INFO: - [2;29m Accuracy on the test set is 0.9000
2024-12-27 17:13:23 - root - INFO: - [2;29m Precision on the test set is 0.9100
2024-12-27 17:13:23 - root - INFO: - [2;29m F_score on the test set is 0.9000
2024-12-27 17:13:40 - root - INFO: - [2;29mEpoch : 100/500 ===> Reconstruction loss = 1.0017===> Reconstruction loss = 1.2945 ===> Loss_icl = -1.4972e+02 ===> Los_ccl = 3.8400e+02 ===> Generator loss = -1.9145e+01 ===> Discriminator loss = 1.8810e+00 ===> All loss = 2.1727e+02[0m
2024-12-27 17:13:40 - root - INFO: - [2;29m Accuracy on the test set is 0.9300
2024-12-27 17:13:40 - root - INFO: - [2;29m Precision on the test set is 0.9400
2024-12-27 17:13:40 - root - INFO: - [2;29m F_score on the test set is 0.9300
2024-12-27 17:13:56 - root - INFO: - [2;29mEpoch : 150/500 ===> Reconstruction loss = 0.9361===> Reconstruction loss = 1.2821 ===> Loss_icl = -1.4974e+02 ===> Los_ccl = 3.8200e+02 ===> Generator loss = -1.9145e+01 ===> Discriminator loss = 1.8791e+00 ===> All loss = 2.1524e+02[0m
2024-12-27 17:13:56 - root - INFO: - [2;29m Accuracy on the test set is 0.9200
2024-12-27 17:13:56 - root - INFO: - [2;29m Precision on the test set is 0.9200
2024-12-27 17:13:56 - root - INFO: - [2;29m F_score on the test set is 0.9200
2024-12-27 17:14:13 - root - INFO: - [2;29mEpoch : 200/500 ===> Reconstruction loss = 0.8825===> Reconstruction loss = 1.2406 ===> Loss_icl = -1.4974e+02 ===> Los_ccl = 3.8400e+02 ===> Generator loss = -1.9158e+01 ===> Discriminator loss = 1.9367e+00 ===> All loss = 2.1726e+02[0m
2024-12-27 17:14:13 - root - INFO: - [2;29m Accuracy on the test set is 0.9600
2024-12-27 17:14:13 - root - INFO: - [2;29m Precision on the test set is 0.9600
2024-12-27 17:14:13 - root - INFO: - [2;29m F_score on the test set is 0.9600
2024-12-27 17:14:29 - root - INFO: - [2;29mEpoch : 250/500 ===> Reconstruction loss = 1.0091===> Reconstruction loss = 1.1787 ===> Loss_icl = -1.5113e+02 ===> Los_ccl = 3.8309e+02 ===> Generator loss = -1.9109e+01 ===> Discriminator loss = 1.9435e+00 ===> All loss = 2.1503e+02[0m
2024-12-27 17:14:29 - root - INFO: - [2;29m Accuracy on the test set is 0.9700
2024-12-27 17:14:29 - root - INFO: - [2;29m Precision on the test set is 0.9700
2024-12-27 17:14:29 - root - INFO: - [2;29m F_score on the test set is 0.9700
2024-12-27 17:14:46 - root - INFO: - [2;29mEpoch : 300/500 ===> Reconstruction loss = 0.9142===> Reconstruction loss = 1.3218 ===> Loss_icl = -1.5265e+02 ===> Los_ccl = 3.8400e+02 ===> Generator loss = -1.9159e+01 ===> Discriminator loss = 1.9689e+00 ===> All loss = 2.1440e+02[0m
2024-12-27 17:14:46 - root - INFO: - [2;29m Accuracy on the test set is 0.9700
2024-12-27 17:14:46 - root - INFO: - [2;29m Precision on the test set is 0.9700
2024-12-27 17:14:46 - root - INFO: - [2;29m F_score on the test set is 0.9700
2024-12-27 17:15:02 - root - INFO: - [2;29mEpoch : 350/500 ===> Reconstruction loss = 0.8776===> Reconstruction loss = 1.2983 ===> Loss_icl = -1.5293e+02 ===> Los_ccl = 3.8400e+02 ===> Generator loss = -1.9178e+01 ===> Discriminator loss = 1.9771e+00 ===> All loss = 2.1410e+02[0m
2024-12-27 17:15:02 - root - INFO: - [2;29m Accuracy on the test set is 0.9600
2024-12-27 17:15:02 - root - INFO: - [2;29m Precision on the test set is 0.9600
2024-12-27 17:15:02 - root - INFO: - [2;29m F_score on the test set is 0.9600
2024-12-27 17:15:19 - root - INFO: - [2;29mEpoch : 400/500 ===> Reconstruction loss = 0.8420===> Reconstruction loss = 1.2793 ===> Loss_icl = -1.5297e+02 ===> Los_ccl = 3.8400e+02 ===> Generator loss = -1.9180e+01 ===> Discriminator loss = 1.9828e+00 ===> All loss = 2.1405e+02[0m
2024-12-27 17:15:19 - root - INFO: - [2;29m Accuracy on the test set is 0.9500
2024-12-27 17:15:19 - root - INFO: - [2;29m Precision on the test set is 0.9500
2024-12-27 17:15:19 - root - INFO: - [2;29m F_score on the test set is 0.9500
2024-12-27 17:15:36 - root - INFO: - [2;29mEpoch : 450/500 ===> Reconstruction loss = 0.8266===> Reconstruction loss = 1.2623 ===> Loss_icl = -1.5324e+02 ===> Los_ccl = 3.8400e+02 ===> Generator loss = -1.9178e+01 ===> Discriminator loss = 1.9860e+00 ===> All loss = 2.1378e+02[0m
2024-12-27 17:15:36 - root - INFO: - [2;29m Accuracy on the test set is 0.9400
2024-12-27 17:15:36 - root - INFO: - [2;29m Precision on the test set is 0.9400
2024-12-27 17:15:36 - root - INFO: - [2;29m F_score on the test set is 0.9400
2024-12-27 17:15:52 - root - INFO: - [2;29mEpoch : 500/500 ===> Reconstruction loss = 0.8115===> Reconstruction loss = 1.2493 ===> Loss_icl = -1.5275e+02 ===> Los_ccl = 3.8400e+02 ===> Generator loss = -1.9173e+01 ===> Discriminator loss = 1.9876e+00 ===> All loss = 2.1428e+02[0m
2024-12-27 17:15:52 - root - INFO: - [2;29m Accuracy on the test set is 0.9500
2024-12-27 17:15:52 - root - INFO: - [2;29m Precision on the test set is 0.9500
2024-12-27 17:15:52 - root - INFO: - [2;29m F_score on the test set is 0.9500
2024-12-27 17:15:52 - root - INFO: - --------------------Training over--------------------
2024-12-27 17:15:52 - root - INFO: - [0.97, 0.94, 0.95, 0.96, 0.95]
2024-12-27 17:15:52 - root - INFO: - [np.float64(0.97), np.float64(0.94), np.float64(0.95), np.float64(0.96), np.float64(0.95)]
2024-12-27 17:15:52 - root - INFO: - [np.float64(0.97), np.float64(0.94), np.float64(0.95), np.float64(0.95), np.float64(0.95)]
2024-12-27 17:15:52 - root - INFO: -  
                     ACC 95.40 std 1.02
                     Precision 95.40 std 1.02 
                     F-measure 95.20 std 0.98
2024-12-27 17:15:52 - root - INFO: - 95.4,1.02;95.4,1.02;95.2,0.98;
