2024-12-27 15:12:05 - root - INFO: - Dataset:LandUse_21
2024-12-27 15:12:05 - root - INFO: - type = CG
2024-12-27 15:12:05 - root - INFO: - view = 3
2024-12-27 15:12:05 - root - INFO: - Autoencoder={
2024-12-27 15:12:05 - root - INFO: -           arch1 = [59, 1024, 1024, 1024, 40]
2024-12-27 15:12:05 - root - INFO: -           arch2 = [40, 1024, 1024, 1024, 40]
2024-12-27 15:12:05 - root - INFO: -           arch3 = [20, 1024, 1024, 1024, 40]
2024-12-27 15:12:05 - root - INFO: -           activations = relu
2024-12-27 15:12:05 - root - INFO: -           batchnorm = True
2024-12-27 15:12:05 - root - INFO: - training={
2024-12-27 15:12:05 - root - INFO: -           lr = 0.0001
2024-12-27 15:12:05 - root - INFO: -           start_dual_prediction = 0
2024-12-27 15:12:05 - root - INFO: -           batch_size = 256
2024-12-27 15:12:05 - root - INFO: -           epoch = 500
2024-12-27 15:12:05 - root - INFO: -           alpha = 10
2024-12-27 15:12:05 - root - INFO: -           lambda2 = 0.1
2024-12-27 15:12:05 - root - INFO: -           lambda1 = 0.1
2024-12-27 15:12:05 - root - INFO: -           lambda3 = 1.0
2024-12-27 15:12:05 - root - INFO: -           lambda4 = 1.0
2024-12-27 15:12:05 - root - INFO: - seed = 2
2024-12-27 15:12:05 - root - INFO: - missing_rate = 0.0
2024-12-27 15:12:05 - root - INFO: - print_num = 50
2024-12-27 15:12:05 - root - INFO: - dataset = LandUse_21
2024-12-27 15:12:05 - root - INFO: - Autoencoder(
  (_encoder): Sequential(
    (0): Linear(in_features=59, out_features=1024, bias=True)
    (1): BatchNorm1d(1024, eps=1e-05, momentum=0.1, affine=True, track_running_stats=True)
    (2): ReLU()
    (3): Linear(in_features=1024, out_features=1024, bias=True)
    (4): BatchNorm1d(1024, eps=1e-05, momentum=0.1, affine=True, track_running_stats=True)
    (5): ReLU()
    (6): Linear(in_features=1024, out_features=1024, bias=True)
    (7): BatchNorm1d(1024, eps=1e-05, momentum=0.1, affine=True, track_running_stats=True)
    (8): ReLU()
    (9): Linear(in_features=1024, out_features=40, bias=True)
    (10): Softmax(dim=1)
  )
  (_decoder): Sequential(
    (0): Linear(in_features=40, out_features=1024, bias=True)
    (1): LayerNorm((1024,), eps=1e-05, elementwise_affine=True)
    (2): ReLU()
    (3): Linear(in_features=1024, out_features=1024, bias=True)
    (4): LayerNorm((1024,), eps=1e-05, elementwise_affine=True)
    (5): ReLU()
    (6): Linear(in_features=1024, out_features=1024, bias=True)
    (7): LayerNorm((1024,), eps=1e-05, elementwise_affine=True)
    (8): ReLU()
    (9): Linear(in_features=1024, out_features=59, bias=True)
    (10): LayerNorm((59,), eps=1e-05, elementwise_affine=True)
    (11): ReLU()
  )
)
2024-12-27 15:12:05 - root - INFO: - Generator(
  (model): Sequential(
    (0): Linear(in_features=40, out_features=256, bias=True)
    (1): ReLU()
    (2): Linear(in_features=256, out_features=40, bias=True)
  )
)
2024-12-27 15:12:05 - root - INFO: - Adam (
Parameter Group 0
    amsgrad: False
    betas: (0.9, 0.999)
    capturable: False
    differentiable: False
    eps: 1e-08
    foreach: None
    fused: None
    lr: 0.0001
    maximize: False
    weight_decay: 0
)
2024-12-27 15:12:20 - root - INFO: - [2;29mEpoch : 50/500 ===> Reconstruction loss = 4.8948===> Reconstruction loss = 6.1645 ===> Loss_icl = -1.5935e+02 ===> Los_ccl = 1.3820e+03 ===> Generator loss = -1.9242e+01 ===> Discriminator loss = 2.1840e+00 ===> All loss = 1.2071e+03[0m
2024-12-27 15:12:21 - root - INFO: - [2;29m Accuracy on the test set is 0.7190
2024-12-27 15:12:21 - root - INFO: - [2;29m Precision on the test set is 0.7200
2024-12-27 15:12:21 - root - INFO: - [2;29m F_score on the test set is 0.7100
2024-12-27 15:12:35 - root - INFO: - [2;29mEpoch : 100/500 ===> Reconstruction loss = 4.4493===> Reconstruction loss = 3.4454 ===> Loss_icl = -1.5934e+02 ===> Los_ccl = 1.4720e+03 ===> Generator loss = -1.9271e+01 ===> Discriminator loss = 2.2929e+00 ===> All loss = 1.2968e+03[0m
2024-12-27 15:12:35 - root - INFO: - [2;29m Accuracy on the test set is 0.7524
2024-12-27 15:12:35 - root - INFO: - [2;29m Precision on the test set is 0.7600
2024-12-27 15:12:35 - root - INFO: - [2;29m F_score on the test set is 0.7500
2024-12-27 15:12:53 - root - INFO: - [2;29mEpoch : 150/500 ===> Reconstruction loss = 4.0537===> Reconstruction loss = 2.9554 ===> Loss_icl = -1.5934e+02 ===> Los_ccl = 1.4930e+03 ===> Generator loss = -1.9272e+01 ===> Discriminator loss = 2.2928e+00 ===> All loss = 1.3177e+03[0m
2024-12-27 15:12:53 - root - INFO: - [2;29m Accuracy on the test set is 0.7381
2024-12-27 15:12:53 - root - INFO: - [2;29m Precision on the test set is 0.7300
2024-12-27 15:12:53 - root - INFO: - [2;29m F_score on the test set is 0.7300
2024-12-27 15:13:09 - root - INFO: - [2;29mEpoch : 200/500 ===> Reconstruction loss = 3.7158===> Reconstruction loss = 2.7967 ===> Loss_icl = -1.5934e+02 ===> Los_ccl = 1.5020e+03 ===> Generator loss = -1.9271e+01 ===> Discriminator loss = 2.2931e+00 ===> All loss = 1.3266e+03[0m
2024-12-27 15:13:09 - root - INFO: - [2;29m Accuracy on the test set is 0.7333
2024-12-27 15:13:09 - root - INFO: - [2;29m Precision on the test set is 0.7400
2024-12-27 15:13:09 - root - INFO: - [2;29m F_score on the test set is 0.7300
2024-12-27 15:13:24 - root - INFO: - [2;29mEpoch : 250/500 ===> Reconstruction loss = 3.4945===> Reconstruction loss = 2.6570 ===> Loss_icl = -1.5933e+02 ===> Los_ccl = 1.4670e+03 ===> Generator loss = -1.9274e+01 ===> Discriminator loss = 2.2897e+00 ===> All loss = 1.2916e+03[0m
2024-12-27 15:13:24 - root - INFO: - [2;29m Accuracy on the test set is 0.7238
2024-12-27 15:13:24 - root - INFO: - [2;29m Precision on the test set is 0.7200
2024-12-27 15:13:24 - root - INFO: - [2;29m F_score on the test set is 0.7200
2024-12-27 15:13:40 - root - INFO: - [2;29mEpoch : 300/500 ===> Reconstruction loss = 3.1809===> Reconstruction loss = 2.5191 ===> Loss_icl = -1.5934e+02 ===> Los_ccl = 1.5130e+03 ===> Generator loss = -1.9272e+01 ===> Discriminator loss = 2.2931e+00 ===> All loss = 1.3376e+03[0m
2024-12-27 15:13:40 - root - INFO: - [2;29m Accuracy on the test set is 0.7286
2024-12-27 15:13:40 - root - INFO: - [2;29m Precision on the test set is 0.7300
2024-12-27 15:13:40 - root - INFO: - [2;29m F_score on the test set is 0.7300
2024-12-27 15:13:56 - root - INFO: - [2;29mEpoch : 350/500 ===> Reconstruction loss = 2.9345===> Reconstruction loss = 2.4022 ===> Loss_icl = -1.5934e+02 ===> Los_ccl = 1.5190e+03 ===> Generator loss = -1.9270e+01 ===> Discriminator loss = 2.2932e+00 ===> All loss = 1.3435e+03[0m
2024-12-27 15:13:56 - root - INFO: - [2;29m Accuracy on the test set is 0.7429
2024-12-27 15:13:56 - root - INFO: - [2;29m Precision on the test set is 0.7500
2024-12-27 15:13:56 - root - INFO: - [2;29m F_score on the test set is 0.7400
2024-12-27 15:14:11 - root - INFO: - [2;29mEpoch : 400/500 ===> Reconstruction loss = 2.7631===> Reconstruction loss = 2.2856 ===> Loss_icl = -1.5934e+02 ===> Los_ccl = 1.5220e+03 ===> Generator loss = -1.9271e+01 ===> Discriminator loss = 2.2928e+00 ===> All loss = 1.3464e+03[0m
2024-12-27 15:14:11 - root - INFO: - [2;29m Accuracy on the test set is 0.7476
2024-12-27 15:14:11 - root - INFO: - [2;29m Precision on the test set is 0.7500
2024-12-27 15:14:11 - root - INFO: - [2;29m F_score on the test set is 0.7500
2024-12-27 15:14:28 - root - INFO: - [2;29mEpoch : 450/500 ===> Reconstruction loss = 2.5949===> Reconstruction loss = 2.1952 ===> Loss_icl = -1.5934e+02 ===> Los_ccl = 1.5240e+03 ===> Generator loss = -1.9278e+01 ===> Discriminator loss = 2.3204e+00 ===> All loss = 1.3484e+03[0m
2024-12-27 15:14:28 - root - INFO: - [2;29m Accuracy on the test set is 0.7524
2024-12-27 15:14:28 - root - INFO: - [2;29m Precision on the test set is 0.7500
2024-12-27 15:14:28 - root - INFO: - [2;29m F_score on the test set is 0.7500
2024-12-27 15:14:44 - root - INFO: - [2;29mEpoch : 500/500 ===> Reconstruction loss = 2.4483===> Reconstruction loss = 2.1330 ===> Loss_icl = -1.5934e+02 ===> Los_ccl = 1.5230e+03 ===> Generator loss = -1.9278e+01 ===> Discriminator loss = 2.3207e+00 ===> All loss = 1.3474e+03[0m
2024-12-27 15:14:44 - root - INFO: - [2;29m Accuracy on the test set is 0.7500
2024-12-27 15:14:44 - root - INFO: - [2;29m Precision on the test set is 0.7500
2024-12-27 15:14:44 - root - INFO: - [2;29m F_score on the test set is 0.7500
2024-12-27 15:14:44 - root - INFO: - Autoencoder(
  (_encoder): Sequential(
    (0): Linear(in_features=59, out_features=1024, bias=True)
    (1): BatchNorm1d(1024, eps=1e-05, momentum=0.1, affine=True, track_running_stats=True)
    (2): ReLU()
    (3): Linear(in_features=1024, out_features=1024, bias=True)
    (4): BatchNorm1d(1024, eps=1e-05, momentum=0.1, affine=True, track_running_stats=True)
    (5): ReLU()
    (6): Linear(in_features=1024, out_features=1024, bias=True)
    (7): BatchNorm1d(1024, eps=1e-05, momentum=0.1, affine=True, track_running_stats=True)
    (8): ReLU()
    (9): Linear(in_features=1024, out_features=40, bias=True)
    (10): Softmax(dim=1)
  )
  (_decoder): Sequential(
    (0): Linear(in_features=40, out_features=1024, bias=True)
    (1): LayerNorm((1024,), eps=1e-05, elementwise_affine=True)
    (2): ReLU()
    (3): Linear(in_features=1024, out_features=1024, bias=True)
    (4): LayerNorm((1024,), eps=1e-05, elementwise_affine=True)
    (5): ReLU()
    (6): Linear(in_features=1024, out_features=1024, bias=True)
    (7): LayerNorm((1024,), eps=1e-05, elementwise_affine=True)
    (8): ReLU()
    (9): Linear(in_features=1024, out_features=59, bias=True)
    (10): LayerNorm((59,), eps=1e-05, elementwise_affine=True)
    (11): ReLU()
  )
)
2024-12-27 15:14:44 - root - INFO: - Generator(
  (model): Sequential(
    (0): Linear(in_features=40, out_features=256, bias=True)
    (1): ReLU()
    (2): Linear(in_features=256, out_features=40, bias=True)
  )
)
2024-12-27 15:14:44 - root - INFO: - Adam (
Parameter Group 0
    amsgrad: False
    betas: (0.9, 0.999)
    capturable: False
    differentiable: False
    eps: 1e-08
    foreach: None
    fused: None
    lr: 0.0001
    maximize: False
    weight_decay: 0
)
2024-12-27 15:15:00 - root - INFO: - [2;29mEpoch : 50/500 ===> Reconstruction loss = 4.8354===> Reconstruction loss = 3.8603 ===> Loss_icl = -1.5934e+02 ===> Los_ccl = 1.3900e+03 ===> Generator loss = -1.9090e+01 ===> Discriminator loss = 1.8850e+00 ===> All loss = 1.2148e+03[0m
2024-12-27 15:15:00 - root - INFO: - [2;29m Accuracy on the test set is 0.7405
2024-12-27 15:15:00 - root - INFO: - [2;29m Precision on the test set is 0.7500
2024-12-27 15:15:00 - root - INFO: - [2;29m F_score on the test set is 0.7300
2024-12-27 15:15:16 - root - INFO: - [2;29mEpoch : 100/500 ===> Reconstruction loss = 4.3891===> Reconstruction loss = 2.7226 ===> Loss_icl = -1.5932e+02 ===> Los_ccl = 1.4160e+03 ===> Generator loss = -1.9126e+01 ===> Discriminator loss = 2.0027e+00 ===> All loss = 1.2407e+03[0m
2024-12-27 15:15:16 - root - INFO: - [2;29m Accuracy on the test set is 0.7333
2024-12-27 15:15:16 - root - INFO: - [2;29m Precision on the test set is 0.7200
2024-12-27 15:15:16 - root - INFO: - [2;29m F_score on the test set is 0.7200
2024-12-27 15:15:31 - root - INFO: - [2;29mEpoch : 150/500 ===> Reconstruction loss = 4.0003===> Reconstruction loss = 2.3942 ===> Loss_icl = -1.5932e+02 ===> Los_ccl = 1.4810e+03 ===> Generator loss = -1.9130e+01 ===> Discriminator loss = 2.0100e+00 ===> All loss = 1.3057e+03[0m
2024-12-27 15:15:32 - root - INFO: - [2;29m Accuracy on the test set is 0.7310
2024-12-27 15:15:32 - root - INFO: - [2;29m Precision on the test set is 0.7200
2024-12-27 15:15:32 - root - INFO: - [2;29m F_score on the test set is 0.7200
2024-12-27 15:15:48 - root - INFO: - [2;29mEpoch : 200/500 ===> Reconstruction loss = 3.6285===> Reconstruction loss = 2.1818 ===> Loss_icl = -1.5934e+02 ===> Los_ccl = 1.5190e+03 ===> Generator loss = -1.9138e+01 ===> Discriminator loss = 2.0448e+00 ===> All loss = 1.3435e+03[0m
2024-12-27 15:15:48 - root - INFO: - [2;29m Accuracy on the test set is 0.7476
2024-12-27 15:15:48 - root - INFO: - [2;29m Precision on the test set is 0.7400
2024-12-27 15:15:48 - root - INFO: - [2;29m F_score on the test set is 0.7400
2024-12-27 15:16:06 - root - INFO: - [2;29mEpoch : 250/500 ===> Reconstruction loss = 3.2858===> Reconstruction loss = 1.9889 ===> Loss_icl = -1.5934e+02 ===> Los_ccl = 1.5260e+03 ===> Generator loss = -1.9147e+01 ===> Discriminator loss = 2.0881e+00 ===> All loss = 1.3505e+03[0m
2024-12-27 15:16:06 - root - INFO: - [2;29m Accuracy on the test set is 0.7500
2024-12-27 15:16:06 - root - INFO: - [2;29m Precision on the test set is 0.7500
2024-12-27 15:16:06 - root - INFO: - [2;29m F_score on the test set is 0.7400
2024-12-27 15:16:24 - root - INFO: - [2;29mEpoch : 300/500 ===> Reconstruction loss = 3.0679===> Reconstruction loss = 1.8509 ===> Loss_icl = -1.5934e+02 ===> Los_ccl = 1.5230e+03 ===> Generator loss = -1.9147e+01 ===> Discriminator loss = 2.0877e+00 ===> All loss = 1.3474e+03[0m
2024-12-27 15:16:24 - root - INFO: - [2;29m Accuracy on the test set is 0.7595
2024-12-27 15:16:24 - root - INFO: - [2;29m Precision on the test set is 0.7500
2024-12-27 15:16:24 - root - INFO: - [2;29m F_score on the test set is 0.7500
2024-12-27 15:16:40 - root - INFO: - [2;29mEpoch : 350/500 ===> Reconstruction loss = 2.9219===> Reconstruction loss = 1.7781 ===> Loss_icl = -1.5932e+02 ===> Los_ccl = 1.4990e+03 ===> Generator loss = -1.9147e+01 ===> Discriminator loss = 2.0860e+00 ===> All loss = 1.3234e+03[0m
2024-12-27 15:16:40 - root - INFO: - [2;29m Accuracy on the test set is 0.7190
2024-12-27 15:16:40 - root - INFO: - [2;29m Precision on the test set is 0.7200
2024-12-27 15:16:40 - root - INFO: - [2;29m F_score on the test set is 0.7100
2024-12-27 15:16:57 - root - INFO: - [2;29mEpoch : 400/500 ===> Reconstruction loss = 2.6987===> Reconstruction loss = 1.6162 ===> Loss_icl = -1.5933e+02 ===> Los_ccl = 1.5250e+03 ===> Generator loss = -1.9144e+01 ===> Discriminator loss = 2.0863e+00 ===> All loss = 1.3494e+03[0m
2024-12-27 15:16:57 - root - INFO: - [2;29m Accuracy on the test set is 0.7548
2024-12-27 15:16:57 - root - INFO: - [2;29m Precision on the test set is 0.7500
2024-12-27 15:16:57 - root - INFO: - [2;29m F_score on the test set is 0.7500
2024-12-27 15:17:12 - root - INFO: - [2;29mEpoch : 450/500 ===> Reconstruction loss = 2.5102===> Reconstruction loss = 1.4912 ===> Loss_icl = -1.5934e+02 ===> Los_ccl = 1.5180e+03 ===> Generator loss = -1.9146e+01 ===> Discriminator loss = 2.0909e+00 ===> All loss = 1.3424e+03[0m
2024-12-27 15:17:12 - root - INFO: - [2;29m Accuracy on the test set is 0.7238
2024-12-27 15:17:12 - root - INFO: - [2;29m Precision on the test set is 0.7200
2024-12-27 15:17:12 - root - INFO: - [2;29m F_score on the test set is 0.7100
2024-12-27 15:17:27 - root - INFO: - [2;29mEpoch : 500/500 ===> Reconstruction loss = 2.3870===> Reconstruction loss = 1.4271 ===> Loss_icl = -1.5934e+02 ===> Los_ccl = 1.5131e+03 ===> Generator loss = -1.9142e+01 ===> Discriminator loss = 2.0894e+00 ===> All loss = 1.3374e+03[0m
2024-12-27 15:17:27 - root - INFO: - [2;29m Accuracy on the test set is 0.7643
2024-12-27 15:17:27 - root - INFO: - [2;29m Precision on the test set is 0.7600
2024-12-27 15:17:27 - root - INFO: - [2;29m F_score on the test set is 0.7500
2024-12-27 15:17:27 - root - INFO: - Autoencoder(
  (_encoder): Sequential(
    (0): Linear(in_features=59, out_features=1024, bias=True)
    (1): BatchNorm1d(1024, eps=1e-05, momentum=0.1, affine=True, track_running_stats=True)
    (2): ReLU()
    (3): Linear(in_features=1024, out_features=1024, bias=True)
    (4): BatchNorm1d(1024, eps=1e-05, momentum=0.1, affine=True, track_running_stats=True)
    (5): ReLU()
    (6): Linear(in_features=1024, out_features=1024, bias=True)
    (7): BatchNorm1d(1024, eps=1e-05, momentum=0.1, affine=True, track_running_stats=True)
    (8): ReLU()
    (9): Linear(in_features=1024, out_features=40, bias=True)
    (10): Softmax(dim=1)
  )
  (_decoder): Sequential(
    (0): Linear(in_features=40, out_features=1024, bias=True)
    (1): LayerNorm((1024,), eps=1e-05, elementwise_affine=True)
    (2): ReLU()
    (3): Linear(in_features=1024, out_features=1024, bias=True)
    (4): LayerNorm((1024,), eps=1e-05, elementwise_affine=True)
    (5): ReLU()
    (6): Linear(in_features=1024, out_features=1024, bias=True)
    (7): LayerNorm((1024,), eps=1e-05, elementwise_affine=True)
    (8): ReLU()
    (9): Linear(in_features=1024, out_features=59, bias=True)
    (10): LayerNorm((59,), eps=1e-05, elementwise_affine=True)
    (11): ReLU()
  )
)
2024-12-27 15:17:27 - root - INFO: - Generator(
  (model): Sequential(
    (0): Linear(in_features=40, out_features=256, bias=True)
    (1): ReLU()
    (2): Linear(in_features=256, out_features=40, bias=True)
  )
)
2024-12-27 15:17:27 - root - INFO: - Adam (
Parameter Group 0
    amsgrad: False
    betas: (0.9, 0.999)
    capturable: False
    differentiable: False
    eps: 1e-08
    foreach: None
    fused: None
    lr: 0.0001
    maximize: False
    weight_decay: 0
)
2024-12-27 15:17:42 - root - INFO: - [2;29mEpoch : 50/500 ===> Reconstruction loss = 5.2019===> Reconstruction loss = 3.7636 ===> Loss_icl = -1.5934e+02 ===> Los_ccl = 1.4000e+03 ===> Generator loss = -1.9029e+01 ===> Discriminator loss = 1.9364e+00 ===> All loss = 1.2249e+03[0m
2024-12-27 15:17:42 - root - INFO: - [2;29m Accuracy on the test set is 0.7071
2024-12-27 15:17:42 - root - INFO: - [2;29m Precision on the test set is 0.7300
2024-12-27 15:17:42 - root - INFO: - [2;29m F_score on the test set is 0.7100
2024-12-27 15:17:58 - root - INFO: - [2;29mEpoch : 100/500 ===> Reconstruction loss = 4.4543===> Reconstruction loss = 3.5009 ===> Loss_icl = -1.5934e+02 ===> Los_ccl = 1.4650e+03 ===> Generator loss = -1.9052e+01 ===> Discriminator loss = 2.0217e+00 ===> All loss = 1.2898e+03[0m
2024-12-27 15:17:58 - root - INFO: - [2;29m Accuracy on the test set is 0.7214
2024-12-27 15:17:58 - root - INFO: - [2;29m Precision on the test set is 0.7300
2024-12-27 15:17:58 - root - INFO: - [2;29m F_score on the test set is 0.7300
2024-12-27 15:18:13 - root - INFO: - [2;29mEpoch : 150/500 ===> Reconstruction loss = 4.0249===> Reconstruction loss = 3.3237 ===> Loss_icl = -1.5933e+02 ===> Los_ccl = 1.4750e+03 ===> Generator loss = -1.9070e+01 ===> Discriminator loss = 2.0618e+00 ===> All loss = 1.2997e+03[0m
2024-12-27 15:18:13 - root - INFO: - [2;29m Accuracy on the test set is 0.7119
2024-12-27 15:18:13 - root - INFO: - [2;29m Precision on the test set is 0.7200
2024-12-27 15:18:13 - root - INFO: - [2;29m F_score on the test set is 0.7100
2024-12-27 15:18:29 - root - INFO: - [2;29mEpoch : 200/500 ===> Reconstruction loss = 3.6296===> Reconstruction loss = 3.1257 ===> Loss_icl = -1.5934e+02 ===> Los_ccl = 1.5150e+03 ===> Generator loss = -1.9074e+01 ===> Discriminator loss = 2.0773e+00 ===> All loss = 1.3397e+03[0m
2024-12-27 15:18:29 - root - INFO: - [2;29m Accuracy on the test set is 0.7143
2024-12-27 15:18:29 - root - INFO: - [2;29m Precision on the test set is 0.7300
2024-12-27 15:18:29 - root - INFO: - [2;29m F_score on the test set is 0.7200
2024-12-27 15:18:44 - root - INFO: - [2;29mEpoch : 250/500 ===> Reconstruction loss = 3.3665===> Reconstruction loss = 2.9386 ===> Loss_icl = -1.5934e+02 ===> Los_ccl = 1.5250e+03 ===> Generator loss = -1.9075e+01 ===> Discriminator loss = 2.0771e+00 ===> All loss = 1.3496e+03[0m
2024-12-27 15:18:45 - root - INFO: - [2;29m Accuracy on the test set is 0.7048
2024-12-27 15:18:45 - root - INFO: - [2;29m Precision on the test set is 0.7300
2024-12-27 15:18:45 - root - INFO: - [2;29m F_score on the test set is 0.7100
2024-12-27 15:19:00 - root - INFO: - [2;29mEpoch : 300/500 ===> Reconstruction loss = 3.1427===> Reconstruction loss = 2.8567 ===> Loss_icl = -1.5934e+02 ===> Los_ccl = 1.5140e+03 ===> Generator loss = -1.9076e+01 ===> Discriminator loss = 2.0785e+00 ===> All loss = 1.3386e+03[0m
2024-12-27 15:19:00 - root - INFO: - [2;29m Accuracy on the test set is 0.7190
2024-12-27 15:19:00 - root - INFO: - [2;29m Precision on the test set is 0.7400
2024-12-27 15:19:00 - root - INFO: - [2;29m F_score on the test set is 0.7300
2024-12-27 15:19:16 - root - INFO: - [2;29mEpoch : 350/500 ===> Reconstruction loss = 2.8959===> Reconstruction loss = 2.6923 ===> Loss_icl = -1.5934e+02 ===> Los_ccl = 1.5340e+03 ===> Generator loss = -1.9076e+01 ===> Discriminator loss = 2.0778e+00 ===> All loss = 1.3585e+03[0m
2024-12-27 15:19:16 - root - INFO: - [2;29m Accuracy on the test set is 0.7167
2024-12-27 15:19:16 - root - INFO: - [2;29m Precision on the test set is 0.7300
2024-12-27 15:19:16 - root - INFO: - [2;29m F_score on the test set is 0.7200
2024-12-27 15:19:33 - root - INFO: - [2;29mEpoch : 400/500 ===> Reconstruction loss = 2.7645===> Reconstruction loss = 2.6398 ===> Loss_icl = -1.5934e+02 ===> Los_ccl = 1.5080e+03 ===> Generator loss = -1.9078e+01 ===> Discriminator loss = 2.0837e+00 ===> All loss = 1.3325e+03[0m
2024-12-27 15:19:33 - root - INFO: - [2;29m Accuracy on the test set is 0.7286
2024-12-27 15:19:33 - root - INFO: - [2;29m Precision on the test set is 0.7400
2024-12-27 15:19:33 - root - INFO: - [2;29m F_score on the test set is 0.7300
2024-12-27 15:19:49 - root - INFO: - [2;29mEpoch : 450/500 ===> Reconstruction loss = 2.5955===> Reconstruction loss = 2.5825 ===> Loss_icl = -1.5934e+02 ===> Los_ccl = 1.5190e+03 ===> Generator loss = -1.9077e+01 ===> Discriminator loss = 2.0838e+00 ===> All loss = 1.3435e+03[0m
2024-12-27 15:19:49 - root - INFO: - [2;29m Accuracy on the test set is 0.7095
2024-12-27 15:19:49 - root - INFO: - [2;29m Precision on the test set is 0.7200
2024-12-27 15:19:49 - root - INFO: - [2;29m F_score on the test set is 0.7100
2024-12-27 15:20:05 - root - INFO: - [2;29mEpoch : 500/500 ===> Reconstruction loss = 2.4148===> Reconstruction loss = 2.4794 ===> Loss_icl = -1.5934e+02 ===> Los_ccl = 1.5300e+03 ===> Generator loss = -1.9077e+01 ===> Discriminator loss = 2.0831e+00 ===> All loss = 1.3545e+03[0m
2024-12-27 15:20:05 - root - INFO: - [2;29m Accuracy on the test set is 0.7381
2024-12-27 15:20:05 - root - INFO: - [2;29m Precision on the test set is 0.7400
2024-12-27 15:20:05 - root - INFO: - [2;29m F_score on the test set is 0.7400
2024-12-27 15:20:05 - root - INFO: - Autoencoder(
  (_encoder): Sequential(
    (0): Linear(in_features=59, out_features=1024, bias=True)
    (1): BatchNorm1d(1024, eps=1e-05, momentum=0.1, affine=True, track_running_stats=True)
    (2): ReLU()
    (3): Linear(in_features=1024, out_features=1024, bias=True)
    (4): BatchNorm1d(1024, eps=1e-05, momentum=0.1, affine=True, track_running_stats=True)
    (5): ReLU()
    (6): Linear(in_features=1024, out_features=1024, bias=True)
    (7): BatchNorm1d(1024, eps=1e-05, momentum=0.1, affine=True, track_running_stats=True)
    (8): ReLU()
    (9): Linear(in_features=1024, out_features=40, bias=True)
    (10): Softmax(dim=1)
  )
  (_decoder): Sequential(
    (0): Linear(in_features=40, out_features=1024, bias=True)
    (1): LayerNorm((1024,), eps=1e-05, elementwise_affine=True)
    (2): ReLU()
    (3): Linear(in_features=1024, out_features=1024, bias=True)
    (4): LayerNorm((1024,), eps=1e-05, elementwise_affine=True)
    (5): ReLU()
    (6): Linear(in_features=1024, out_features=1024, bias=True)
    (7): LayerNorm((1024,), eps=1e-05, elementwise_affine=True)
    (8): ReLU()
    (9): Linear(in_features=1024, out_features=59, bias=True)
    (10): LayerNorm((59,), eps=1e-05, elementwise_affine=True)
    (11): ReLU()
  )
)
2024-12-27 15:20:05 - root - INFO: - Generator(
  (model): Sequential(
    (0): Linear(in_features=40, out_features=256, bias=True)
    (1): ReLU()
    (2): Linear(in_features=256, out_features=40, bias=True)
  )
)
2024-12-27 15:20:05 - root - INFO: - Adam (
Parameter Group 0
    amsgrad: False
    betas: (0.9, 0.999)
    capturable: False
    differentiable: False
    eps: 1e-08
    foreach: None
    fused: None
    lr: 0.0001
    maximize: False
    weight_decay: 0
)
2024-12-27 15:20:23 - root - INFO: - [2;29mEpoch : 50/500 ===> Reconstruction loss = 5.2617===> Reconstruction loss = 4.9312 ===> Loss_icl = -1.5933e+02 ===> Los_ccl = 1.3101e+03 ===> Generator loss = -1.9044e+01 ===> Discriminator loss = 2.1677e+00 ===> All loss = 1.1351e+03[0m
2024-12-27 15:20:23 - root - INFO: - [2;29m Accuracy on the test set is 0.7214
2024-12-27 15:20:23 - root - INFO: - [2;29m Precision on the test set is 0.7200
2024-12-27 15:20:23 - root - INFO: - [2;29m F_score on the test set is 0.7100
2024-12-27 15:20:40 - root - INFO: - [2;29mEpoch : 100/500 ===> Reconstruction loss = 4.4921===> Reconstruction loss = 2.7293 ===> Loss_icl = -1.5933e+02 ===> Los_ccl = 1.4630e+03 ===> Generator loss = -1.9055e+01 ===> Discriminator loss = 2.2319e+00 ===> All loss = 1.2878e+03[0m
2024-12-27 15:20:40 - root - INFO: - [2;29m Accuracy on the test set is 0.7286
2024-12-27 15:20:40 - root - INFO: - [2;29m Precision on the test set is 0.7300
2024-12-27 15:20:40 - root - INFO: - [2;29m F_score on the test set is 0.7200
2024-12-27 15:20:56 - root - INFO: - [2;29mEpoch : 150/500 ===> Reconstruction loss = 4.0094===> Reconstruction loss = 2.4165 ===> Loss_icl = -1.5934e+02 ===> Los_ccl = 1.4910e+03 ===> Generator loss = -1.9055e+01 ===> Discriminator loss = 2.2331e+00 ===> All loss = 1.3157e+03[0m
2024-12-27 15:20:56 - root - INFO: - [2;29m Accuracy on the test set is 0.7190
2024-12-27 15:20:56 - root - INFO: - [2;29m Precision on the test set is 0.7300
2024-12-27 15:20:56 - root - INFO: - [2;29m F_score on the test set is 0.7100
2024-12-27 15:21:15 - root - INFO: - [2;29mEpoch : 200/500 ===> Reconstruction loss = 3.6736===> Reconstruction loss = 2.2308 ===> Loss_icl = -1.5934e+02 ===> Los_ccl = 1.5080e+03 ===> Generator loss = -1.9056e+01 ===> Discriminator loss = 2.2352e+00 ===> All loss = 1.3327e+03[0m
2024-12-27 15:21:15 - root - INFO: - [2;29m Accuracy on the test set is 0.7595
2024-12-27 15:21:15 - root - INFO: - [2;29m Precision on the test set is 0.7600
2024-12-27 15:21:15 - root - INFO: - [2;29m F_score on the test set is 0.7600
2024-12-27 15:21:31 - root - INFO: - [2;29mEpoch : 250/500 ===> Reconstruction loss = 3.4702===> Reconstruction loss = 2.0648 ===> Loss_icl = -1.5933e+02 ===> Los_ccl = 1.5010e+03 ===> Generator loss = -1.9057e+01 ===> Discriminator loss = 2.2324e+00 ===> All loss = 1.3256e+03[0m
2024-12-27 15:21:31 - root - INFO: - [2;29m Accuracy on the test set is 0.7524
2024-12-27 15:21:31 - root - INFO: - [2;29m Precision on the test set is 0.7600
2024-12-27 15:21:31 - root - INFO: - [2;29m F_score on the test set is 0.7500
2024-12-27 15:21:48 - root - INFO: - [2;29mEpoch : 300/500 ===> Reconstruction loss = 3.2322===> Reconstruction loss = 1.8736 ===> Loss_icl = -1.5934e+02 ===> Los_ccl = 1.5190e+03 ===> Generator loss = -1.9054e+01 ===> Discriminator loss = 2.2347e+00 ===> All loss = 1.3436e+03[0m
2024-12-27 15:21:48 - root - INFO: - [2;29m Accuracy on the test set is 0.7000
2024-12-27 15:21:48 - root - INFO: - [2;29m Precision on the test set is 0.7100
2024-12-27 15:21:48 - root - INFO: - [2;29m F_score on the test set is 0.6900
2024-12-27 15:22:05 - root - INFO: - [2;29mEpoch : 350/500 ===> Reconstruction loss = 3.0502===> Reconstruction loss = 1.7572 ===> Loss_icl = -1.5934e+02 ===> Los_ccl = 1.5170e+03 ===> Generator loss = -1.9055e+01 ===> Discriminator loss = 2.2343e+00 ===> All loss = 1.3415e+03[0m
2024-12-27 15:22:05 - root - INFO: - [2;29m Accuracy on the test set is 0.7643
2024-12-27 15:22:05 - root - INFO: - [2;29m Precision on the test set is 0.7600
2024-12-27 15:22:05 - root - INFO: - [2;29m F_score on the test set is 0.7600
2024-12-27 15:22:22 - root - INFO: - [2;29mEpoch : 400/500 ===> Reconstruction loss = 2.8580===> Reconstruction loss = 1.6162 ===> Loss_icl = -1.5934e+02 ===> Los_ccl = 1.5220e+03 ===> Generator loss = -1.9053e+01 ===> Discriminator loss = 2.2335e+00 ===> All loss = 1.3465e+03[0m
2024-12-27 15:22:22 - root - INFO: - [2;29m Accuracy on the test set is 0.7429
2024-12-27 15:22:22 - root - INFO: - [2;29m Precision on the test set is 0.7400
2024-12-27 15:22:22 - root - INFO: - [2;29m F_score on the test set is 0.7300
2024-12-27 15:22:43 - root - INFO: - [2;29mEpoch : 450/500 ===> Reconstruction loss = 2.7253===> Reconstruction loss = 1.4840 ===> Loss_icl = -1.5934e+02 ===> Los_ccl = 1.5230e+03 ===> Generator loss = -1.9065e+01 ===> Discriminator loss = 2.2658e+00 ===> All loss = 1.3475e+03[0m
2024-12-27 15:22:43 - root - INFO: - [2;29m Accuracy on the test set is 0.7381
2024-12-27 15:22:43 - root - INFO: - [2;29m Precision on the test set is 0.7400
2024-12-27 15:22:43 - root - INFO: - [2;29m F_score on the test set is 0.7300
2024-12-27 15:23:06 - root - INFO: - [2;29mEpoch : 500/500 ===> Reconstruction loss = 2.5926===> Reconstruction loss = 1.4023 ===> Loss_icl = -1.5934e+02 ===> Los_ccl = 1.5220e+03 ===> Generator loss = -1.9065e+01 ===> Discriminator loss = 2.2657e+00 ===> All loss = 1.3464e+03[0m
2024-12-27 15:23:06 - root - INFO: - [2;29m Accuracy on the test set is 0.7524
2024-12-27 15:23:06 - root - INFO: - [2;29m Precision on the test set is 0.7500
2024-12-27 15:23:06 - root - INFO: - [2;29m F_score on the test set is 0.7400
2024-12-27 15:23:06 - root - INFO: - Autoencoder(
  (_encoder): Sequential(
    (0): Linear(in_features=59, out_features=1024, bias=True)
    (1): BatchNorm1d(1024, eps=1e-05, momentum=0.1, affine=True, track_running_stats=True)
    (2): ReLU()
    (3): Linear(in_features=1024, out_features=1024, bias=True)
    (4): BatchNorm1d(1024, eps=1e-05, momentum=0.1, affine=True, track_running_stats=True)
    (5): ReLU()
    (6): Linear(in_features=1024, out_features=1024, bias=True)
    (7): BatchNorm1d(1024, eps=1e-05, momentum=0.1, affine=True, track_running_stats=True)
    (8): ReLU()
    (9): Linear(in_features=1024, out_features=40, bias=True)
    (10): Softmax(dim=1)
  )
  (_decoder): Sequential(
    (0): Linear(in_features=40, out_features=1024, bias=True)
    (1): LayerNorm((1024,), eps=1e-05, elementwise_affine=True)
    (2): ReLU()
    (3): Linear(in_features=1024, out_features=1024, bias=True)
    (4): LayerNorm((1024,), eps=1e-05, elementwise_affine=True)
    (5): ReLU()
    (6): Linear(in_features=1024, out_features=1024, bias=True)
    (7): LayerNorm((1024,), eps=1e-05, elementwise_affine=True)
    (8): ReLU()
    (9): Linear(in_features=1024, out_features=59, bias=True)
    (10): LayerNorm((59,), eps=1e-05, elementwise_affine=True)
    (11): ReLU()
  )
)
2024-12-27 15:23:06 - root - INFO: - Generator(
  (model): Sequential(
    (0): Linear(in_features=40, out_features=256, bias=True)
    (1): ReLU()
    (2): Linear(in_features=256, out_features=40, bias=True)
  )
)
2024-12-27 15:23:06 - root - INFO: - Adam (
Parameter Group 0
    amsgrad: False
    betas: (0.9, 0.999)
    capturable: False
    differentiable: False
    eps: 1e-08
    foreach: None
    fused: None
    lr: 0.0001
    maximize: False
    weight_decay: 0
)
2024-12-27 15:23:26 - root - INFO: - [2;29mEpoch : 50/500 ===> Reconstruction loss = 5.2542===> Reconstruction loss = 4.5758 ===> Loss_icl = -1.5934e+02 ===> Los_ccl = 1.3540e+03 ===> Generator loss = -1.9492e+01 ===> Discriminator loss = 1.9521e+00 ===> All loss = 1.1784e+03[0m
2024-12-27 15:23:26 - root - INFO: - [2;29m Accuracy on the test set is 0.6905
2024-12-27 15:23:26 - root - INFO: - [2;29m Precision on the test set is 0.7000
2024-12-27 15:23:26 - root - INFO: - [2;29m F_score on the test set is 0.6800
2024-12-27 15:23:46 - root - INFO: - [2;29mEpoch : 100/500 ===> Reconstruction loss = 4.4760===> Reconstruction loss = 3.5911 ===> Loss_icl = -1.5933e+02 ===> Los_ccl = 1.4660e+03 ===> Generator loss = -1.9501e+01 ===> Discriminator loss = 2.0010e+00 ===> All loss = 1.2903e+03[0m
2024-12-27 15:23:46 - root - INFO: - [2;29m Accuracy on the test set is 0.7286
2024-12-27 15:23:46 - root - INFO: - [2;29m Precision on the test set is 0.7400
2024-12-27 15:23:46 - root - INFO: - [2;29m F_score on the test set is 0.7300
2024-12-27 15:24:05 - root - INFO: - [2;29mEpoch : 150/500 ===> Reconstruction loss = 3.9737===> Reconstruction loss = 3.2757 ===> Loss_icl = -1.5934e+02 ===> Los_ccl = 1.5130e+03 ===> Generator loss = -1.9520e+01 ===> Discriminator loss = 2.0588e+00 ===> All loss = 1.3372e+03[0m
2024-12-27 15:24:05 - root - INFO: - [2;29m Accuracy on the test set is 0.7214
2024-12-27 15:24:05 - root - INFO: - [2;29m Precision on the test set is 0.7300
2024-12-27 15:24:05 - root - INFO: - [2;29m F_score on the test set is 0.7200
2024-12-27 15:24:24 - root - INFO: - [2;29mEpoch : 200/500 ===> Reconstruction loss = 3.6918===> Reconstruction loss = 3.1123 ===> Loss_icl = -1.5934e+02 ===> Los_ccl = 1.5060e+03 ===> Generator loss = -1.9521e+01 ===> Discriminator loss = 2.0637e+00 ===> All loss = 1.3301e+03[0m
2024-12-27 15:24:24 - root - INFO: - [2;29m Accuracy on the test set is 0.7095
2024-12-27 15:24:24 - root - INFO: - [2;29m Precision on the test set is 0.7200
2024-12-27 15:24:24 - root - INFO: - [2;29m F_score on the test set is 0.7100
2024-12-27 15:24:43 - root - INFO: - [2;29mEpoch : 250/500 ===> Reconstruction loss = 3.4771===> Reconstruction loss = 2.9958 ===> Loss_icl = -1.5933e+02 ===> Los_ccl = 1.4930e+03 ===> Generator loss = -1.9530e+01 ===> Discriminator loss = 2.0876e+00 ===> All loss = 1.3171e+03[0m
2024-12-27 15:24:43 - root - INFO: - [2;29m Accuracy on the test set is 0.7214
2024-12-27 15:24:43 - root - INFO: - [2;29m Precision on the test set is 0.7200
2024-12-27 15:24:43 - root - INFO: - [2;29m F_score on the test set is 0.7200
2024-12-27 15:25:02 - root - INFO: - [2;29mEpoch : 300/500 ===> Reconstruction loss = 3.2558===> Reconstruction loss = 2.8577 ===> Loss_icl = -1.5933e+02 ===> Los_ccl = 1.4960e+03 ===> Generator loss = -1.9532e+01 ===> Discriminator loss = 2.1095e+00 ===> All loss = 1.3201e+03[0m
2024-12-27 15:25:02 - root - INFO: - [2;29m Accuracy on the test set is 0.6690
2024-12-27 15:25:02 - root - INFO: - [2;29m Precision on the test set is 0.6800
2024-12-27 15:25:02 - root - INFO: - [2;29m F_score on the test set is 0.6600
2024-12-27 15:25:19 - root - INFO: - [2;29mEpoch : 350/500 ===> Reconstruction loss = 3.1206===> Reconstruction loss = 2.7477 ===> Loss_icl = -1.5931e+02 ===> Los_ccl = 1.4950e+03 ===> Generator loss = -1.9534e+01 ===> Discriminator loss = 2.1084e+00 ===> All loss = 1.3191e+03[0m
2024-12-27 15:25:19 - root - INFO: - [2;29m Accuracy on the test set is 0.6952
2024-12-27 15:25:19 - root - INFO: - [2;29m Precision on the test set is 0.7100
2024-12-27 15:25:19 - root - INFO: - [2;29m F_score on the test set is 0.6900
2024-12-27 15:25:36 - root - INFO: - [2;29mEpoch : 400/500 ===> Reconstruction loss = 2.8343===> Reconstruction loss = 1.6010 ===> Loss_icl = -1.5934e+02 ===> Los_ccl = 1.5270e+03 ===> Generator loss = -1.9535e+01 ===> Discriminator loss = 2.1362e+00 ===> All loss = 1.3509e+03[0m
2024-12-27 15:25:36 - root - INFO: - [2;29m Accuracy on the test set is 0.7000
2024-12-27 15:25:36 - root - INFO: - [2;29m Precision on the test set is 0.6900
2024-12-27 15:25:36 - root - INFO: - [2;29m F_score on the test set is 0.6900
2024-12-27 15:25:53 - root - INFO: - [2;29mEpoch : 450/500 ===> Reconstruction loss = 2.7034===> Reconstruction loss = 1.4859 ===> Loss_icl = -1.5935e+02 ===> Los_ccl = 1.5200e+03 ===> Generator loss = -1.9533e+01 ===> Discriminator loss = 2.1366e+00 ===> All loss = 1.3439e+03[0m
2024-12-27 15:25:53 - root - INFO: - [2;29m Accuracy on the test set is 0.6786
2024-12-27 15:25:53 - root - INFO: - [2;29m Precision on the test set is 0.7000
2024-12-27 15:25:53 - root - INFO: - [2;29m F_score on the test set is 0.6800
2024-12-27 15:26:10 - root - INFO: - [2;29mEpoch : 500/500 ===> Reconstruction loss = 2.5039===> Reconstruction loss = 1.3551 ===> Loss_icl = -1.5933e+02 ===> Los_ccl = 1.5100e+03 ===> Generator loss = -1.9536e+01 ===> Discriminator loss = 2.1363e+00 ===> All loss = 1.3338e+03[0m
2024-12-27 15:26:10 - root - INFO: - [2;29m Accuracy on the test set is 0.7190
2024-12-27 15:26:10 - root - INFO: - [2;29m Precision on the test set is 0.7300
2024-12-27 15:26:10 - root - INFO: - [2;29m F_score on the test set is 0.7200
2024-12-27 15:26:10 - root - INFO: - --------------------Training over--------------------
2024-12-27 15:26:10 - root - INFO: - [0.75, 0.7642857142857142, 0.7380952380952381, 0.7523809523809524, 0.719047619047619]
2024-12-27 15:26:10 - root - INFO: - [np.float64(0.75), np.float64(0.76), np.float64(0.74), np.float64(0.75), np.float64(0.73)]
2024-12-27 15:26:10 - root - INFO: - [np.float64(0.75), np.float64(0.75), np.float64(0.74), np.float64(0.74), np.float64(0.72)]
2024-12-27 15:26:10 - root - INFO: -  
                     ACC 74.48 std 1.53
                     Precision 74.60 std 1.02 
                     F-measure 74.00 std 1.10
2024-12-27 15:26:10 - root - INFO: - 74.48,1.53;74.6,1.02;74.0,1.1;
