2024-12-26 19:43:17 - root - INFO: - Dataset:Scene_15
2024-12-26 19:43:17 - root - INFO: - type = CG
2024-12-26 19:43:17 - root - INFO: - view = 3
2024-12-26 19:43:17 - root - INFO: - Autoencoder={
2024-12-26 19:43:17 - root - INFO: -           arch1 = [20, 1024, 1024, 1024, 128]
2024-12-26 19:43:17 - root - INFO: -           arch2 = [59, 1024, 1024, 1024, 128]
2024-12-26 19:43:17 - root - INFO: -           arch3 = [40, 1024, 1024, 1024, 128]
2024-12-26 19:43:17 - root - INFO: -           activations = relu
2024-12-26 19:43:17 - root - INFO: -           batchnorm = True
2024-12-26 19:43:17 - root - INFO: - Prediction={
2024-12-26 19:43:17 - root - INFO: -           arch1 = [128, 256, 128]
2024-12-26 19:43:17 - root - INFO: -           arch2 = [128, 256, 128]
2024-12-26 19:43:17 - root - INFO: -           arch3 = [128, 256, 128]
2024-12-26 19:43:17 - root - INFO: - training={
2024-12-26 19:43:17 - root - INFO: -           lr = 0.001
2024-12-26 19:43:17 - root - INFO: -           start_dual_prediction = 0
2024-12-26 19:43:17 - root - INFO: -           batch_size = 512
2024-12-26 19:43:17 - root - INFO: -           epoch = 500
2024-12-26 19:43:17 - root - INFO: -           alpha = 10
2024-12-26 19:43:17 - root - INFO: -           lambda2 = 0.1
2024-12-26 19:43:17 - root - INFO: -           lambda1 = 0.1
2024-12-26 19:43:17 - root - INFO: -           lambda3 = 1.0
2024-12-26 19:43:17 - root - INFO: -           lambda4 = 1.0
2024-12-26 19:43:17 - root - INFO: - seed = 8
2024-12-26 19:43:17 - root - INFO: - missing_rate = 0.0
2024-12-26 19:43:17 - root - INFO: - print_num = 50
2024-12-26 19:43:17 - root - INFO: - dataset = Scene_15
2024-12-26 19:43:17 - root - INFO: - Autoencoder(
  (_encoder): Sequential(
    (0): Linear(in_features=20, out_features=1024, bias=True)
    (1): BatchNorm1d(1024, eps=1e-05, momentum=0.1, affine=True, track_running_stats=True)
    (2): ReLU()
    (3): Linear(in_features=1024, out_features=1024, bias=True)
    (4): BatchNorm1d(1024, eps=1e-05, momentum=0.1, affine=True, track_running_stats=True)
    (5): ReLU()
    (6): Linear(in_features=1024, out_features=1024, bias=True)
    (7): BatchNorm1d(1024, eps=1e-05, momentum=0.1, affine=True, track_running_stats=True)
    (8): ReLU()
    (9): Linear(in_features=1024, out_features=128, bias=True)
    (10): Softmax(dim=1)
  )
  (_decoder): Sequential(
    (0): Linear(in_features=128, out_features=1024, bias=True)
    (1): LayerNorm((1024,), eps=1e-05, elementwise_affine=True)
    (2): ReLU()
    (3): Linear(in_features=1024, out_features=1024, bias=True)
    (4): LayerNorm((1024,), eps=1e-05, elementwise_affine=True)
    (5): ReLU()
    (6): Linear(in_features=1024, out_features=1024, bias=True)
    (7): LayerNorm((1024,), eps=1e-05, elementwise_affine=True)
    (8): ReLU()
    (9): Linear(in_features=1024, out_features=20, bias=True)
    (10): LayerNorm((20,), eps=1e-05, elementwise_affine=True)
    (11): ReLU()
  )
)
2024-12-26 19:43:17 - root - INFO: - Generator(
  (model): Sequential(
    (0): Linear(in_features=128, out_features=256, bias=True)
    (1): ReLU()
    (2): Linear(in_features=256, out_features=128, bias=True)
  )
)
2024-12-26 19:43:17 - root - INFO: - Adam (
Parameter Group 0
    amsgrad: False
    betas: (0.9, 0.999)
    capturable: False
    differentiable: False
    eps: 1e-08
    foreach: None
    fused: None
    lr: 0.001
    maximize: False
    weight_decay: 0
)
2024-12-26 19:43:50 - root - INFO: - [2;29mEpoch : 50/500 ===> Reconstruction loss = 3.4554===> Reconstruction loss = 5.1120 ===> Loss_icl = -2.4450e+02 ===> Los_ccl = 3.0451e+03 ===> Generator loss = -2.4621e+01 ===> Discriminator loss = 6.3444e+00 ===> All loss = 2.7837e+03[0m
2024-12-26 19:43:50 - root - INFO: - [2;29m Accuracy on the test set is 0.7124
2024-12-26 19:43:50 - root - INFO: - [2;29m Precision on the test set is 0.7100
2024-12-26 19:43:50 - root - INFO: - [2;29m F_score on the test set is 0.7000
2024-12-26 19:44:24 - root - INFO: - [2;29mEpoch : 100/500 ===> Reconstruction loss = 2.1615===> Reconstruction loss = 3.9450 ===> Loss_icl = -2.4393e+02 ===> Los_ccl = 2.9958e+03 ===> Generator loss = -2.4623e+01 ===> Discriminator loss = 6.3478e+00 ===> All loss = 2.7347e+03[0m
2024-12-26 19:44:24 - root - INFO: - [2;29m Accuracy on the test set is 0.7480
2024-12-26 19:44:24 - root - INFO: - [2;29m Precision on the test set is 0.7400
2024-12-26 19:44:24 - root - INFO: - [2;29m F_score on the test set is 0.7400
2024-12-26 19:44:57 - root - INFO: - [2;29mEpoch : 150/500 ===> Reconstruction loss = 1.2975===> Reconstruction loss = 2.0826 ===> Loss_icl = -2.4556e+02 ===> Los_ccl = 3.4902e+03 ===> Generator loss = -2.4620e+01 ===> Discriminator loss = 6.3465e+00 ===> All loss = 3.2272e+03[0m
2024-12-26 19:44:57 - root - INFO: - [2;29m Accuracy on the test set is 0.7559
2024-12-26 19:44:57 - root - INFO: - [2;29m Precision on the test set is 0.7400
2024-12-26 19:44:57 - root - INFO: - [2;29m F_score on the test set is 0.7400
2024-12-26 19:45:30 - root - INFO: - [2;29mEpoch : 200/500 ===> Reconstruction loss = 0.7026===> Reconstruction loss = 1.6252 ===> Loss_icl = -2.4598e+02 ===> Los_ccl = 3.4774e+03 ===> Generator loss = -2.4648e+01 ===> Discriminator loss = 6.3991e+00 ===> All loss = 3.2138e+03[0m
2024-12-26 19:45:30 - root - INFO: - [2;29m Accuracy on the test set is 0.7480
2024-12-26 19:45:30 - root - INFO: - [2;29m Precision on the test set is 0.7400
2024-12-26 19:45:30 - root - INFO: - [2;29m F_score on the test set is 0.7400
2024-12-26 19:46:03 - root - INFO: - [2;29mEpoch : 250/500 ===> Reconstruction loss = 0.6907===> Reconstruction loss = 1.3190 ===> Loss_icl = -2.4644e+02 ===> Los_ccl = 3.5332e+03 ===> Generator loss = -2.4646e+01 ===> Discriminator loss = 6.4004e+00 ===> All loss = 3.2691e+03[0m
2024-12-26 19:46:03 - root - INFO: - [2;29m Accuracy on the test set is 0.7514
2024-12-26 19:46:03 - root - INFO: - [2;29m Precision on the test set is 0.7400
2024-12-26 19:46:03 - root - INFO: - [2;29m F_score on the test set is 0.7400
2024-12-26 19:46:35 - root - INFO: - [2;29mEpoch : 300/500 ===> Reconstruction loss = 0.6998===> Reconstruction loss = 1.0021 ===> Loss_icl = -2.4677e+02 ===> Los_ccl = 3.5403e+03 ===> Generator loss = -2.4646e+01 ===> Discriminator loss = 6.4010e+00 ===> All loss = 3.2758e+03[0m
2024-12-26 19:46:35 - root - INFO: - [2;29m Accuracy on the test set is 0.7625
2024-12-26 19:46:35 - root - INFO: - [2;29m Precision on the test set is 0.7500
2024-12-26 19:46:35 - root - INFO: - [2;29m F_score on the test set is 0.7500
2024-12-26 19:47:08 - root - INFO: - [2;29mEpoch : 350/500 ===> Reconstruction loss = 0.6854===> Reconstruction loss = 0.4822 ===> Loss_icl = -2.4711e+02 ===> Los_ccl = 3.5691e+03 ===> Generator loss = -2.4642e+01 ===> Discriminator loss = 6.4012e+00 ===> All loss = 3.3040e+03[0m
2024-12-26 19:47:08 - root - INFO: - [2;29m Accuracy on the test set is 0.7637
2024-12-26 19:47:08 - root - INFO: - [2;29m Precision on the test set is 0.7500
2024-12-26 19:47:08 - root - INFO: - [2;29m F_score on the test set is 0.7500
2024-12-26 19:47:41 - root - INFO: - [2;29mEpoch : 400/500 ===> Reconstruction loss = 0.6889===> Reconstruction loss = 0.5146 ===> Loss_icl = -2.4712e+02 ===> Los_ccl = 3.5592e+03 ===> Generator loss = -2.4638e+01 ===> Discriminator loss = 6.4067e+00 ===> All loss = 3.2942e+03[0m
2024-12-26 19:47:41 - root - INFO: - [2;29m Accuracy on the test set is 0.7625
2024-12-26 19:47:41 - root - INFO: - [2;29m Precision on the test set is 0.7500
2024-12-26 19:47:41 - root - INFO: - [2;29m F_score on the test set is 0.7500
2024-12-26 19:48:14 - root - INFO: - [2;29mEpoch : 450/500 ===> Reconstruction loss = 0.6933===> Reconstruction loss = 0.4966 ===> Loss_icl = -2.4729e+02 ===> Los_ccl = 3.5632e+03 ===> Generator loss = -2.4638e+01 ===> Discriminator loss = 6.4104e+00 ===> All loss = 3.2979e+03[0m
2024-12-26 19:48:14 - root - INFO: - [2;29m Accuracy on the test set is 0.7681
2024-12-26 19:48:14 - root - INFO: - [2;29m Precision on the test set is 0.7500
2024-12-26 19:48:14 - root - INFO: - [2;29m F_score on the test set is 0.7500
2024-12-26 19:48:47 - root - INFO: - [2;29mEpoch : 500/500 ===> Reconstruction loss = 0.6840===> Reconstruction loss = 0.4543 ===> Loss_icl = -2.4778e+02 ===> Los_ccl = 3.5741e+03 ===> Generator loss = -2.4636e+01 ===> Discriminator loss = 6.4110e+00 ===> All loss = 3.3083e+03[0m
2024-12-26 19:48:47 - root - INFO: - [2;29m Accuracy on the test set is 0.7692
2024-12-26 19:48:47 - root - INFO: - [2;29m Precision on the test set is 0.7500
2024-12-26 19:48:47 - root - INFO: - [2;29m F_score on the test set is 0.7600
2024-12-26 19:48:47 - root - INFO: - Autoencoder(
  (_encoder): Sequential(
    (0): Linear(in_features=20, out_features=1024, bias=True)
    (1): BatchNorm1d(1024, eps=1e-05, momentum=0.1, affine=True, track_running_stats=True)
    (2): ReLU()
    (3): Linear(in_features=1024, out_features=1024, bias=True)
    (4): BatchNorm1d(1024, eps=1e-05, momentum=0.1, affine=True, track_running_stats=True)
    (5): ReLU()
    (6): Linear(in_features=1024, out_features=1024, bias=True)
    (7): BatchNorm1d(1024, eps=1e-05, momentum=0.1, affine=True, track_running_stats=True)
    (8): ReLU()
    (9): Linear(in_features=1024, out_features=128, bias=True)
    (10): Softmax(dim=1)
  )
  (_decoder): Sequential(
    (0): Linear(in_features=128, out_features=1024, bias=True)
    (1): LayerNorm((1024,), eps=1e-05, elementwise_affine=True)
    (2): ReLU()
    (3): Linear(in_features=1024, out_features=1024, bias=True)
    (4): LayerNorm((1024,), eps=1e-05, elementwise_affine=True)
    (5): ReLU()
    (6): Linear(in_features=1024, out_features=1024, bias=True)
    (7): LayerNorm((1024,), eps=1e-05, elementwise_affine=True)
    (8): ReLU()
    (9): Linear(in_features=1024, out_features=20, bias=True)
    (10): LayerNorm((20,), eps=1e-05, elementwise_affine=True)
    (11): ReLU()
  )
)
2024-12-26 19:48:47 - root - INFO: - Generator(
  (model): Sequential(
    (0): Linear(in_features=128, out_features=256, bias=True)
    (1): ReLU()
    (2): Linear(in_features=256, out_features=128, bias=True)
  )
)
2024-12-26 19:48:47 - root - INFO: - Adam (
Parameter Group 0
    amsgrad: False
    betas: (0.9, 0.999)
    capturable: False
    differentiable: False
    eps: 1e-08
    foreach: None
    fused: None
    lr: 0.001
    maximize: False
    weight_decay: 0
)
2024-12-26 19:49:20 - root - INFO: - [2;29mEpoch : 50/500 ===> Reconstruction loss = 3.6075===> Reconstruction loss = 5.8432 ===> Loss_icl = -2.4453e+02 ===> Los_ccl = 3.2080e+03 ===> Generator loss = -2.4500e+01 ===> Discriminator loss = 6.7061e+00 ===> All loss = 2.9472e+03[0m
2024-12-26 19:49:20 - root - INFO: - [2;29m Accuracy on the test set is 0.7090
2024-12-26 19:49:20 - root - INFO: - [2;29m Precision on the test set is 0.7000
2024-12-26 19:49:20 - root - INFO: - [2;29m F_score on the test set is 0.6900
2024-12-26 19:49:52 - root - INFO: - [2;29mEpoch : 100/500 ===> Reconstruction loss = 1.3295===> Reconstruction loss = 3.8807 ===> Loss_icl = -2.4196e+02 ===> Los_ccl = 2.4170e+03 ===> Generator loss = -2.4515e+01 ===> Discriminator loss = 6.7604e+00 ===> All loss = 2.1583e+03[0m
2024-12-26 19:49:52 - root - INFO: - [2;29m Accuracy on the test set is 0.6845
2024-12-26 19:49:52 - root - INFO: - [2;29m Precision on the test set is 0.6700
2024-12-26 19:49:52 - root - INFO: - [2;29m F_score on the test set is 0.6700
2024-12-26 19:50:24 - root - INFO: - [2;29mEpoch : 150/500 ===> Reconstruction loss = 0.8860===> Reconstruction loss = 1.9298 ===> Loss_icl = -2.4434e+02 ===> Los_ccl = 3.0260e+03 ===> Generator loss = -2.4579e+01 ===> Discriminator loss = 6.8867e+00 ===> All loss = 2.7646e+03[0m
2024-12-26 19:50:24 - root - INFO: - [2;29m Accuracy on the test set is 0.7179
2024-12-26 19:50:24 - root - INFO: - [2;29m Precision on the test set is 0.7100
2024-12-26 19:50:24 - root - INFO: - [2;29m F_score on the test set is 0.7000
2024-12-26 19:50:57 - root - INFO: - [2;29mEpoch : 200/500 ===> Reconstruction loss = 0.8460===> Reconstruction loss = 1.5189 ===> Loss_icl = -2.4551e+02 ===> Los_ccl = 3.4235e+03 ===> Generator loss = -2.4581e+01 ===> Discriminator loss = 6.8908e+00 ===> All loss = 3.1608e+03[0m
2024-12-26 19:50:57 - root - INFO: - [2;29m Accuracy on the test set is 0.7179
2024-12-26 19:50:57 - root - INFO: - [2;29m Precision on the test set is 0.7100
2024-12-26 19:50:57 - root - INFO: - [2;29m F_score on the test set is 0.7100
2024-12-26 19:51:29 - root - INFO: - [2;29mEpoch : 250/500 ===> Reconstruction loss = 0.8389===> Reconstruction loss = 1.1593 ===> Loss_icl = -2.4615e+02 ===> Los_ccl = 3.5043e+03 ===> Generator loss = -2.4591e+01 ===> Discriminator loss = 6.9230e+00 ===> All loss = 3.2410e+03[0m
2024-12-26 19:51:29 - root - INFO: - [2;29m Accuracy on the test set is 0.7480
2024-12-26 19:51:29 - root - INFO: - [2;29m Precision on the test set is 0.7400
2024-12-26 19:51:29 - root - INFO: - [2;29m F_score on the test set is 0.7300
2024-12-26 19:52:02 - root - INFO: - [2;29mEpoch : 300/500 ===> Reconstruction loss = 0.6511===> Reconstruction loss = 0.8406 ===> Loss_icl = -2.4657e+02 ===> Los_ccl = 3.5502e+03 ===> Generator loss = -2.4612e+01 ===> Discriminator loss = 6.9693e+00 ===> All loss = 3.2864e+03[0m
2024-12-26 19:52:02 - root - INFO: - [2;29m Accuracy on the test set is 0.7391
2024-12-26 19:52:02 - root - INFO: - [2;29m Precision on the test set is 0.7200
2024-12-26 19:52:02 - root - INFO: - [2;29m F_score on the test set is 0.7200
2024-12-26 19:52:35 - root - INFO: - [2;29mEpoch : 350/500 ===> Reconstruction loss = 0.6437===> Reconstruction loss = 0.7601 ===> Loss_icl = -2.4670e+02 ===> Los_ccl = 3.5482e+03 ===> Generator loss = -2.4628e+01 ===> Discriminator loss = 7.0022e+00 ===> All loss = 3.2843e+03[0m
2024-12-26 19:52:35 - root - INFO: - [2;29m Accuracy on the test set is 0.7581
2024-12-26 19:52:35 - root - INFO: - [2;29m Precision on the test set is 0.7500
2024-12-26 19:52:35 - root - INFO: - [2;29m F_score on the test set is 0.7500
2024-12-26 19:53:07 - root - INFO: - [2;29mEpoch : 400/500 ===> Reconstruction loss = 0.6410===> Reconstruction loss = 0.7375 ===> Loss_icl = -2.4693e+02 ===> Los_ccl = 3.5433e+03 ===> Generator loss = -2.4631e+01 ===> Discriminator loss = 7.0148e+00 ===> All loss = 3.2790e+03[0m
2024-12-26 19:53:07 - root - INFO: - [2;29m Accuracy on the test set is 0.7447
2024-12-26 19:53:07 - root - INFO: - [2;29m Precision on the test set is 0.7300
2024-12-26 19:53:07 - root - INFO: - [2;29m F_score on the test set is 0.7300
2024-12-26 19:53:41 - root - INFO: - [2;29mEpoch : 450/500 ===> Reconstruction loss = 0.6475===> Reconstruction loss = 0.7845 ===> Loss_icl = -2.4670e+02 ===> Los_ccl = 3.5405e+03 ===> Generator loss = -2.4627e+01 ===> Discriminator loss = 7.0194e+00 ===> All loss = 3.2764e+03[0m
2024-12-26 19:53:41 - root - INFO: - [2;29m Accuracy on the test set is 0.7625
2024-12-26 19:53:41 - root - INFO: - [2;29m Precision on the test set is 0.7500
2024-12-26 19:53:41 - root - INFO: - [2;29m F_score on the test set is 0.7500
2024-12-26 19:54:14 - root - INFO: - [2;29mEpoch : 500/500 ===> Reconstruction loss = 0.6391===> Reconstruction loss = 0.4802 ===> Loss_icl = -2.4743e+02 ===> Los_ccl = 3.5681e+03 ===> Generator loss = -2.4626e+01 ===> Discriminator loss = 7.0154e+00 ===> All loss = 3.3032e+03[0m
2024-12-26 19:54:14 - root - INFO: - [2;29m Accuracy on the test set is 0.7648
2024-12-26 19:54:14 - root - INFO: - [2;29m Precision on the test set is 0.7500
2024-12-26 19:54:14 - root - INFO: - [2;29m F_score on the test set is 0.7500
2024-12-26 19:54:14 - root - INFO: - Autoencoder(
  (_encoder): Sequential(
    (0): Linear(in_features=20, out_features=1024, bias=True)
    (1): BatchNorm1d(1024, eps=1e-05, momentum=0.1, affine=True, track_running_stats=True)
    (2): ReLU()
    (3): Linear(in_features=1024, out_features=1024, bias=True)
    (4): BatchNorm1d(1024, eps=1e-05, momentum=0.1, affine=True, track_running_stats=True)
    (5): ReLU()
    (6): Linear(in_features=1024, out_features=1024, bias=True)
    (7): BatchNorm1d(1024, eps=1e-05, momentum=0.1, affine=True, track_running_stats=True)
    (8): ReLU()
    (9): Linear(in_features=1024, out_features=128, bias=True)
    (10): Softmax(dim=1)
  )
  (_decoder): Sequential(
    (0): Linear(in_features=128, out_features=1024, bias=True)
    (1): LayerNorm((1024,), eps=1e-05, elementwise_affine=True)
    (2): ReLU()
    (3): Linear(in_features=1024, out_features=1024, bias=True)
    (4): LayerNorm((1024,), eps=1e-05, elementwise_affine=True)
    (5): ReLU()
    (6): Linear(in_features=1024, out_features=1024, bias=True)
    (7): LayerNorm((1024,), eps=1e-05, elementwise_affine=True)
    (8): ReLU()
    (9): Linear(in_features=1024, out_features=20, bias=True)
    (10): LayerNorm((20,), eps=1e-05, elementwise_affine=True)
    (11): ReLU()
  )
)
2024-12-26 19:54:14 - root - INFO: - Generator(
  (model): Sequential(
    (0): Linear(in_features=128, out_features=256, bias=True)
    (1): ReLU()
    (2): Linear(in_features=256, out_features=128, bias=True)
  )
)
2024-12-26 19:54:14 - root - INFO: - Adam (
Parameter Group 0
    amsgrad: False
    betas: (0.9, 0.999)
    capturable: False
    differentiable: False
    eps: 1e-08
    foreach: None
    fused: None
    lr: 0.001
    maximize: False
    weight_decay: 0
)
2024-12-26 19:54:49 - root - INFO: - [2;29mEpoch : 50/500 ===> Reconstruction loss = 4.0818===> Reconstruction loss = 13.0211 ===> Loss_icl = -2.4453e+02 ===> Los_ccl = 3.0200e+03 ===> Generator loss = -2.4360e+01 ===> Discriminator loss = 6.9931e+00 ===> All loss = 2.7605e+03[0m
2024-12-26 19:54:49 - root - INFO: - [2;29m Accuracy on the test set is 0.7391
2024-12-26 19:54:49 - root - INFO: - [2;29m Precision on the test set is 0.7400
2024-12-26 19:54:49 - root - INFO: - [2;29m F_score on the test set is 0.7200
2024-12-26 19:55:22 - root - INFO: - [2;29mEpoch : 100/500 ===> Reconstruction loss = 3.5278===> Reconstruction loss = 4.4835 ===> Loss_icl = -2.4092e+02 ===> Los_ccl = 2.2873e+03 ===> Generator loss = -2.4433e+01 ===> Discriminator loss = 7.1769e+00 ===> All loss = 2.0305e+03[0m
2024-12-26 19:55:22 - root - INFO: - [2;29m Accuracy on the test set is 0.6656
2024-12-26 19:55:22 - root - INFO: - [2;29m Precision on the test set is 0.6500
2024-12-26 19:55:22 - root - INFO: - [2;29m F_score on the test set is 0.6400
2024-12-26 19:55:56 - root - INFO: - [2;29mEpoch : 150/500 ===> Reconstruction loss = 3.4708===> Reconstruction loss = 3.0166 ===> Loss_icl = -2.4435e+02 ===> Los_ccl = 3.0545e+03 ===> Generator loss = -2.4471e+01 ===> Discriminator loss = 7.2381e+00 ===> All loss = 2.7941e+03[0m
2024-12-26 19:55:56 - root - INFO: - [2;29m Accuracy on the test set is 0.7614
2024-12-26 19:55:56 - root - INFO: - [2;29m Precision on the test set is 0.7600
2024-12-26 19:55:56 - root - INFO: - [2;29m F_score on the test set is 0.7500
2024-12-26 19:56:28 - root - INFO: - [2;29mEpoch : 200/500 ===> Reconstruction loss = 3.4590===> Reconstruction loss = 2.4203 ===> Loss_icl = -2.4553e+02 ===> Los_ccl = 3.4305e+03 ===> Generator loss = -2.4472e+01 ===> Discriminator loss = 7.2433e+00 ===> All loss = 3.1689e+03[0m
2024-12-26 19:56:28 - root - INFO: - [2;29m Accuracy on the test set is 0.7759
2024-12-26 19:56:28 - root - INFO: - [2;29m Precision on the test set is 0.7700
2024-12-26 19:56:28 - root - INFO: - [2;29m F_score on the test set is 0.7600
2024-12-26 19:57:02 - root - INFO: - [2;29mEpoch : 250/500 ===> Reconstruction loss = 2.5387===> Reconstruction loss = 1.0423 ===> Loss_icl = -2.4631e+02 ===> Los_ccl = 3.5381e+03 ===> Generator loss = -2.4478e+01 ===> Discriminator loss = 7.2532e+00 ===> All loss = 3.2750e+03[0m
2024-12-26 19:57:02 - root - INFO: - [2;29m Accuracy on the test set is 0.7949
2024-12-26 19:57:02 - root - INFO: - [2;29m Precision on the test set is 0.7800
2024-12-26 19:57:02 - root - INFO: - [2;29m F_score on the test set is 0.7800
2024-12-26 19:57:35 - root - INFO: - [2;29mEpoch : 300/500 ===> Reconstruction loss = 2.5376===> Reconstruction loss = 0.9122 ===> Loss_icl = -2.4619e+02 ===> Los_ccl = 3.5024e+03 ===> Generator loss = -2.4492e+01 ===> Discriminator loss = 7.2930e+00 ===> All loss = 3.2395e+03[0m
2024-12-26 19:57:35 - root - INFO: - [2;29m Accuracy on the test set is 0.7926
2024-12-26 19:57:35 - root - INFO: - [2;29m Precision on the test set is 0.7900
2024-12-26 19:57:35 - root - INFO: - [2;29m F_score on the test set is 0.7800
2024-12-26 19:58:08 - root - INFO: - [2;29mEpoch : 350/500 ===> Reconstruction loss = 2.5309===> Reconstruction loss = 0.5511 ===> Loss_icl = -2.4683e+02 ===> Los_ccl = 3.5621e+03 ===> Generator loss = -2.4495e+01 ===> Discriminator loss = 7.3009e+00 ===> All loss = 3.2984e+03[0m
2024-12-26 19:58:08 - root - INFO: - [2;29m Accuracy on the test set is 0.7860
2024-12-26 19:58:08 - root - INFO: - [2;29m Precision on the test set is 0.7800
2024-12-26 19:58:08 - root - INFO: - [2;29m F_score on the test set is 0.7800
2024-12-26 19:58:42 - root - INFO: - [2;29mEpoch : 400/500 ===> Reconstruction loss = 2.5343===> Reconstruction loss = 0.5005 ===> Loss_icl = -2.4689e+02 ===> Los_ccl = 3.5601e+03 ===> Generator loss = -2.4496e+01 ===> Discriminator loss = 7.3103e+00 ===> All loss = 3.2964e+03[0m
2024-12-26 19:58:42 - root - INFO: - [2;29m Accuracy on the test set is 0.7949
2024-12-26 19:58:42 - root - INFO: - [2;29m Precision on the test set is 0.7900
2024-12-26 19:58:42 - root - INFO: - [2;29m F_score on the test set is 0.7900
2024-12-26 19:59:15 - root - INFO: - [2;29mEpoch : 450/500 ===> Reconstruction loss = 2.5368===> Reconstruction loss = 0.4605 ===> Loss_icl = -2.4724e+02 ===> Los_ccl = 3.5691e+03 ===> Generator loss = -2.4493e+01 ===> Discriminator loss = 7.3081e+00 ===> All loss = 3.3051e+03[0m
2024-12-26 19:59:16 - root - INFO: - [2;29m Accuracy on the test set is 0.7860
2024-12-26 19:59:16 - root - INFO: - [2;29m Precision on the test set is 0.7700
2024-12-26 19:59:16 - root - INFO: - [2;29m F_score on the test set is 0.7700
2024-12-26 19:59:52 - root - INFO: - [2;29mEpoch : 500/500 ===> Reconstruction loss = 2.5329===> Reconstruction loss = 0.5070 ===> Loss_icl = -2.4740e+02 ===> Los_ccl = 3.5631e+03 ===> Generator loss = -2.4495e+01 ===> Discriminator loss = 7.3245e+00 ===> All loss = 3.2989e+03[0m
2024-12-26 19:59:52 - root - INFO: - [2;29m Accuracy on the test set is 0.7904
2024-12-26 19:59:52 - root - INFO: - [2;29m Precision on the test set is 0.7800
2024-12-26 19:59:52 - root - INFO: - [2;29m F_score on the test set is 0.7800
2024-12-26 19:59:52 - root - INFO: - Autoencoder(
  (_encoder): Sequential(
    (0): Linear(in_features=20, out_features=1024, bias=True)
    (1): BatchNorm1d(1024, eps=1e-05, momentum=0.1, affine=True, track_running_stats=True)
    (2): ReLU()
    (3): Linear(in_features=1024, out_features=1024, bias=True)
    (4): BatchNorm1d(1024, eps=1e-05, momentum=0.1, affine=True, track_running_stats=True)
    (5): ReLU()
    (6): Linear(in_features=1024, out_features=1024, bias=True)
    (7): BatchNorm1d(1024, eps=1e-05, momentum=0.1, affine=True, track_running_stats=True)
    (8): ReLU()
    (9): Linear(in_features=1024, out_features=128, bias=True)
    (10): Softmax(dim=1)
  )
  (_decoder): Sequential(
    (0): Linear(in_features=128, out_features=1024, bias=True)
    (1): LayerNorm((1024,), eps=1e-05, elementwise_affine=True)
    (2): ReLU()
    (3): Linear(in_features=1024, out_features=1024, bias=True)
    (4): LayerNorm((1024,), eps=1e-05, elementwise_affine=True)
    (5): ReLU()
    (6): Linear(in_features=1024, out_features=1024, bias=True)
    (7): LayerNorm((1024,), eps=1e-05, elementwise_affine=True)
    (8): ReLU()
    (9): Linear(in_features=1024, out_features=20, bias=True)
    (10): LayerNorm((20,), eps=1e-05, elementwise_affine=True)
    (11): ReLU()
  )
)
2024-12-26 19:59:52 - root - INFO: - Generator(
  (model): Sequential(
    (0): Linear(in_features=128, out_features=256, bias=True)
    (1): ReLU()
    (2): Linear(in_features=256, out_features=128, bias=True)
  )
)
2024-12-26 19:59:52 - root - INFO: - Adam (
Parameter Group 0
    amsgrad: False
    betas: (0.9, 0.999)
    capturable: False
    differentiable: False
    eps: 1e-08
    foreach: None
    fused: None
    lr: 0.001
    maximize: False
    weight_decay: 0
)
2024-12-26 20:00:33 - root - INFO: - [2;29mEpoch : 50/500 ===> Reconstruction loss = 3.9973===> Reconstruction loss = 11.0820 ===> Loss_icl = -2.4453e+02 ===> Los_ccl = 3.2460e+03 ===> Generator loss = -2.4867e+01 ===> Discriminator loss = 7.0041e+00 ===> All loss = 2.9856e+03[0m
2024-12-26 20:00:33 - root - INFO: - [2;29m Accuracy on the test set is 0.7469
2024-12-26 20:00:33 - root - INFO: - [2;29m Precision on the test set is 0.7600
2024-12-26 20:00:33 - root - INFO: - [2;29m F_score on the test set is 0.7400
2024-12-26 20:01:12 - root - INFO: - [2;29mEpoch : 100/500 ===> Reconstruction loss = 2.9506===> Reconstruction loss = 3.2409 ===> Loss_icl = -2.4364e+02 ===> Los_ccl = 2.7634e+03 ===> Generator loss = -2.4963e+01 ===> Discriminator loss = 7.1937e+00 ===> All loss = 2.5030e+03[0m
2024-12-26 20:01:12 - root - INFO: - [2;29m Accuracy on the test set is 0.7191
2024-12-26 20:01:12 - root - INFO: - [2;29m Precision on the test set is 0.7100
2024-12-26 20:01:12 - root - INFO: - [2;29m F_score on the test set is 0.7100
2024-12-26 20:01:50 - root - INFO: - [2;29mEpoch : 150/500 ===> Reconstruction loss = 2.8427===> Reconstruction loss = 1.5529 ===> Loss_icl = -2.4479e+02 ===> Los_ccl = 3.3622e+03 ===> Generator loss = -2.4963e+01 ===> Discriminator loss = 7.2040e+00 ===> All loss = 3.1005e+03[0m
2024-12-26 20:01:51 - root - INFO: - [2;29m Accuracy on the test set is 0.7536
2024-12-26 20:01:51 - root - INFO: - [2;29m Precision on the test set is 0.7500
2024-12-26 20:01:51 - root - INFO: - [2;29m F_score on the test set is 0.7400
2024-12-26 20:02:27 - root - INFO: - [2;29mEpoch : 200/500 ===> Reconstruction loss = 2.2563===> Reconstruction loss = 0.8598 ===> Loss_icl = -2.4571e+02 ===> Los_ccl = 3.4802e+03 ===> Generator loss = -2.4959e+01 ===> Discriminator loss = 7.2074e+00 ===> All loss = 3.2174e+03[0m
2024-12-26 20:02:28 - root - INFO: - [2;29m Accuracy on the test set is 0.7592
2024-12-26 20:02:28 - root - INFO: - [2;29m Precision on the test set is 0.7500
2024-12-26 20:02:28 - root - INFO: - [2;29m F_score on the test set is 0.7500
2024-12-26 20:03:03 - root - INFO: - [2;29mEpoch : 250/500 ===> Reconstruction loss = 1.3342===> Reconstruction loss = 0.5355 ===> Loss_icl = -2.4614e+02 ===> Los_ccl = 3.5302e+03 ===> Generator loss = -2.4956e+01 ===> Discriminator loss = 7.2025e+00 ===> All loss = 3.2666e+03[0m
2024-12-26 20:03:03 - root - INFO: - [2;29m Accuracy on the test set is 0.7670
2024-12-26 20:03:03 - root - INFO: - [2;29m Precision on the test set is 0.7600
2024-12-26 20:03:03 - root - INFO: - [2;29m F_score on the test set is 0.7600
2024-12-26 20:03:38 - root - INFO: - [2;29mEpoch : 300/500 ===> Reconstruction loss = 1.1709===> Reconstruction loss = 0.5286 ===> Loss_icl = -2.4614e+02 ===> Los_ccl = 3.5404e+03 ===> Generator loss = -2.4967e+01 ===> Discriminator loss = 7.2304e+00 ===> All loss = 3.2768e+03[0m
2024-12-26 20:03:38 - root - INFO: - [2;29m Accuracy on the test set is 0.7536
2024-12-26 20:03:38 - root - INFO: - [2;29m Precision on the test set is 0.7500
2024-12-26 20:03:38 - root - INFO: - [2;29m F_score on the test set is 0.7400
2024-12-26 20:04:13 - root - INFO: - [2;29mEpoch : 350/500 ===> Reconstruction loss = 1.1641===> Reconstruction loss = 0.4543 ===> Loss_icl = -2.4679e+02 ===> Los_ccl = 3.5572e+03 ===> Generator loss = -2.4962e+01 ===> Discriminator loss = 7.2323e+00 ===> All loss = 3.2929e+03[0m
2024-12-26 20:04:13 - root - INFO: - [2;29m Accuracy on the test set is 0.7726
2024-12-26 20:04:13 - root - INFO: - [2;29m Precision on the test set is 0.7700
2024-12-26 20:04:13 - root - INFO: - [2;29m F_score on the test set is 0.7600
2024-12-26 20:04:46 - root - INFO: - [2;29mEpoch : 400/500 ===> Reconstruction loss = 1.1637===> Reconstruction loss = 0.4842 ===> Loss_icl = -2.4696e+02 ===> Los_ccl = 3.5552e+03 ===> Generator loss = -2.4959e+01 ===> Discriminator loss = 7.2342e+00 ===> All loss = 3.2907e+03[0m
2024-12-26 20:04:46 - root - INFO: - [2;29m Accuracy on the test set is 0.7592
2024-12-26 20:04:46 - root - INFO: - [2;29m Precision on the test set is 0.7500
2024-12-26 20:04:46 - root - INFO: - [2;29m F_score on the test set is 0.7500
2024-12-26 20:05:20 - root - INFO: - [2;29mEpoch : 450/500 ===> Reconstruction loss = 0.9975===> Reconstruction loss = 0.4885 ===> Loss_icl = -2.4709e+02 ===> Los_ccl = 3.5504e+03 ===> Generator loss = -2.4978e+01 ===> Discriminator loss = 7.2712e+00 ===> All loss = 3.2858e+03[0m
2024-12-26 20:05:20 - root - INFO: - [2;29m Accuracy on the test set is 0.7681
2024-12-26 20:05:20 - root - INFO: - [2;29m Precision on the test set is 0.7600
2024-12-26 20:05:20 - root - INFO: - [2;29m F_score on the test set is 0.7600
2024-12-26 20:05:53 - root - INFO: - [2;29mEpoch : 500/500 ===> Reconstruction loss = 0.9917===> Reconstruction loss = 0.4806 ===> Loss_icl = -2.4737e+02 ===> Los_ccl = 3.5562e+03 ===> Generator loss = -2.5010e+01 ===> Discriminator loss = 7.3322e+00 ===> All loss = 3.2914e+03[0m
2024-12-26 20:05:53 - root - INFO: - [2;29m Accuracy on the test set is 0.7592
2024-12-26 20:05:53 - root - INFO: - [2;29m Precision on the test set is 0.7500
2024-12-26 20:05:53 - root - INFO: - [2;29m F_score on the test set is 0.7500
2024-12-26 20:05:53 - root - INFO: - Autoencoder(
  (_encoder): Sequential(
    (0): Linear(in_features=20, out_features=1024, bias=True)
    (1): BatchNorm1d(1024, eps=1e-05, momentum=0.1, affine=True, track_running_stats=True)
    (2): ReLU()
    (3): Linear(in_features=1024, out_features=1024, bias=True)
    (4): BatchNorm1d(1024, eps=1e-05, momentum=0.1, affine=True, track_running_stats=True)
    (5): ReLU()
    (6): Linear(in_features=1024, out_features=1024, bias=True)
    (7): BatchNorm1d(1024, eps=1e-05, momentum=0.1, affine=True, track_running_stats=True)
    (8): ReLU()
    (9): Linear(in_features=1024, out_features=128, bias=True)
    (10): Softmax(dim=1)
  )
  (_decoder): Sequential(
    (0): Linear(in_features=128, out_features=1024, bias=True)
    (1): LayerNorm((1024,), eps=1e-05, elementwise_affine=True)
    (2): ReLU()
    (3): Linear(in_features=1024, out_features=1024, bias=True)
    (4): LayerNorm((1024,), eps=1e-05, elementwise_affine=True)
    (5): ReLU()
    (6): Linear(in_features=1024, out_features=1024, bias=True)
    (7): LayerNorm((1024,), eps=1e-05, elementwise_affine=True)
    (8): ReLU()
    (9): Linear(in_features=1024, out_features=20, bias=True)
    (10): LayerNorm((20,), eps=1e-05, elementwise_affine=True)
    (11): ReLU()
  )
)
2024-12-26 20:05:53 - root - INFO: - Generator(
  (model): Sequential(
    (0): Linear(in_features=128, out_features=256, bias=True)
    (1): ReLU()
    (2): Linear(in_features=256, out_features=128, bias=True)
  )
)
2024-12-26 20:05:53 - root - INFO: - Adam (
Parameter Group 0
    amsgrad: False
    betas: (0.9, 0.999)
    capturable: False
    differentiable: False
    eps: 1e-08
    foreach: None
    fused: None
    lr: 0.001
    maximize: False
    weight_decay: 0
)
2024-12-26 20:06:28 - root - INFO: - [2;29mEpoch : 50/500 ===> Reconstruction loss = 3.4318===> Reconstruction loss = 12.2672 ===> Loss_icl = -2.4452e+02 ===> Los_ccl = 2.9290e+03 ===> Generator loss = -2.4053e+01 ===> Discriminator loss = 6.0267e+00 ===> All loss = 2.6688e+03[0m
2024-12-26 20:06:28 - root - INFO: - [2;29m Accuracy on the test set is 0.7157
2024-12-26 20:06:28 - root - INFO: - [2;29m Precision on the test set is 0.7200
2024-12-26 20:06:28 - root - INFO: - [2;29m F_score on the test set is 0.6900
2024-12-26 20:07:04 - root - INFO: - [2;29mEpoch : 100/500 ===> Reconstruction loss = 2.6141===> Reconstruction loss = 3.1754 ===> Loss_icl = -2.4259e+02 ===> Los_ccl = 2.7871e+03 ===> Generator loss = -2.4057e+01 ===> Discriminator loss = 6.0765e+00 ===> All loss = 2.5276e+03[0m
2024-12-26 20:07:04 - root - INFO: - [2;29m Accuracy on the test set is 0.7402
2024-12-26 20:07:04 - root - INFO: - [2;29m Precision on the test set is 0.7200
2024-12-26 20:07:04 - root - INFO: - [2;29m F_score on the test set is 0.7200
2024-12-26 20:07:40 - root - INFO: - [2;29mEpoch : 150/500 ===> Reconstruction loss = 1.7660===> Reconstruction loss = 1.8474 ===> Loss_icl = -2.4462e+02 ===> Los_ccl = 3.3549e+03 ===> Generator loss = -2.4073e+01 ===> Discriminator loss = 6.1152e+00 ===> All loss = 3.0932e+03[0m
2024-12-26 20:07:41 - root - INFO: - [2;29m Accuracy on the test set is 0.7503
2024-12-26 20:07:41 - root - INFO: - [2;29m Precision on the test set is 0.7400
2024-12-26 20:07:41 - root - INFO: - [2;29m F_score on the test set is 0.7400
2024-12-26 20:08:15 - root - INFO: - [2;29mEpoch : 200/500 ===> Reconstruction loss = 1.7445===> Reconstruction loss = 1.1148 ===> Loss_icl = -2.4582e+02 ===> Los_ccl = 3.5123e+03 ===> Generator loss = -2.4083e+01 ===> Discriminator loss = 6.1374e+00 ===> All loss = 3.2492e+03[0m
2024-12-26 20:08:15 - root - INFO: - [2;29m Accuracy on the test set is 0.7648
2024-12-26 20:08:15 - root - INFO: - [2;29m Precision on the test set is 0.7600
2024-12-26 20:08:15 - root - INFO: - [2;29m F_score on the test set is 0.7500
2024-12-26 20:08:49 - root - INFO: - [2;29mEpoch : 250/500 ===> Reconstruction loss = 1.7422===> Reconstruction loss = 0.8706 ===> Loss_icl = -2.4615e+02 ===> Los_ccl = 3.5383e+03 ===> Generator loss = -2.4090e+01 ===> Discriminator loss = 6.1654e+00 ===> All loss = 3.2749e+03[0m
2024-12-26 20:08:49 - root - INFO: - [2;29m Accuracy on the test set is 0.7670
2024-12-26 20:08:49 - root - INFO: - [2;29m Precision on the test set is 0.7500
2024-12-26 20:08:49 - root - INFO: - [2;29m F_score on the test set is 0.7500
2024-12-26 20:09:27 - root - INFO: - [2;29mEpoch : 300/500 ===> Reconstruction loss = 1.3987===> Reconstruction loss = 0.7724 ===> Loss_icl = -2.4652e+02 ===> Los_ccl = 3.5622e+03 ===> Generator loss = -2.4092e+01 ===> Discriminator loss = 6.1715e+00 ===> All loss = 3.2984e+03[0m
2024-12-26 20:09:27 - root - INFO: - [2;29m Accuracy on the test set is 0.7703
2024-12-26 20:09:27 - root - INFO: - [2;29m Precision on the test set is 0.7600
2024-12-26 20:09:27 - root - INFO: - [2;29m F_score on the test set is 0.7600
2024-12-26 20:10:03 - root - INFO: - [2;29mEpoch : 350/500 ===> Reconstruction loss = 1.3863===> Reconstruction loss = 0.5668 ===> Loss_icl = -2.4645e+02 ===> Los_ccl = 3.5435e+03 ===> Generator loss = -2.4091e+01 ===> Discriminator loss = 6.1700e+00 ===> All loss = 3.2795e+03[0m
2024-12-26 20:10:03 - root - INFO: - [2;29m Accuracy on the test set is 0.7860
2024-12-26 20:10:03 - root - INFO: - [2;29m Precision on the test set is 0.7700
2024-12-26 20:10:03 - root - INFO: - [2;29m F_score on the test set is 0.7700
2024-12-26 20:10:38 - root - INFO: - [2;29mEpoch : 400/500 ===> Reconstruction loss = 1.3865===> Reconstruction loss = 0.5674 ===> Loss_icl = -2.4650e+02 ===> Los_ccl = 3.5661e+03 ===> Generator loss = -2.4134e+01 ===> Discriminator loss = 6.2611e+00 ===> All loss = 3.3021e+03[0m
2024-12-26 20:10:38 - root - INFO: - [2;29m Accuracy on the test set is 0.7659
2024-12-26 20:10:38 - root - INFO: - [2;29m Precision on the test set is 0.7400
2024-12-26 20:10:38 - root - INFO: - [2;29m F_score on the test set is 0.7400
2024-12-26 20:11:12 - root - INFO: - [2;29mEpoch : 450/500 ===> Reconstruction loss = 1.3925===> Reconstruction loss = 0.5682 ===> Loss_icl = -2.4690e+02 ===> Los_ccl = 3.5651e+03 ===> Generator loss = -2.4140e+01 ===> Discriminator loss = 6.2801e+00 ===> All loss = 3.3007e+03[0m
2024-12-26 20:11:12 - root - INFO: - [2;29m Accuracy on the test set is 0.7770
2024-12-26 20:11:12 - root - INFO: - [2;29m Precision on the test set is 0.7700
2024-12-26 20:11:12 - root - INFO: - [2;29m F_score on the test set is 0.7700
2024-12-26 20:11:46 - root - INFO: - [2;29mEpoch : 500/500 ===> Reconstruction loss = 1.3903===> Reconstruction loss = 0.5313 ===> Loss_icl = -2.4718e+02 ===> Los_ccl = 3.5701e+03 ===> Generator loss = -2.4163e+01 ===> Discriminator loss = 6.3313e+00 ===> All loss = 3.3054e+03[0m
2024-12-26 20:11:46 - root - INFO: - [2;29m Accuracy on the test set is 0.7837
2024-12-26 20:11:46 - root - INFO: - [2;29m Precision on the test set is 0.7700
2024-12-26 20:11:46 - root - INFO: - [2;29m F_score on the test set is 0.7700
2024-12-26 20:11:46 - root - INFO: - --------------------Training over--------------------
2024-12-26 20:11:46 - root - INFO: - [0.7692307692307693, 0.7647714604236343, 0.79041248606466, 0.7591973244147158, 0.7837235228539576]
2024-12-26 20:11:46 - root - INFO: - [np.float64(0.75), np.float64(0.75), np.float64(0.78), np.float64(0.75), np.float64(0.77)]
2024-12-26 20:11:46 - root - INFO: - [np.float64(0.76), np.float64(0.75), np.float64(0.78), np.float64(0.75), np.float64(0.77)]
2024-12-26 20:11:46 - root - INFO: -  
                     ACC 77.35 std 1.17
                     Precision 76.00 std 1.26 
                     F-measure 76.20 std 1.17
2024-12-26 20:11:46 - root - INFO: - 77.35,1.17;76.0,1.26;76.2,1.17;
